#
# A fatal error has been detected by the Java Runtime Environment:
#
#  EXCEPTION_ACCESS_VIOLATION (0xc0000005) at pc=0x000007fe8fe44bcf, pid=8688, tid=700
#
# JRE version: Java(TM) SE Runtime Environment (9.0+11) (build 9.0.4+11)
# Java VM: Java HotSpot(TM) 64-Bit Server VM (9.0.4+11, mixed mode, tiered, compressed oops, g1 gc, windows-amd64)
# Problematic frame:
# C  0x000007fe8fe44bcf
#
# No core dump will be written. Minidumps are not enabled by default on client versions of Windows
#
# If you would like to submit a bug report, please visit:
#   http://bugreport.java.com/bugreport/crash.jsp
# The crash happened outside the Java Virtual Machine in native code.
# See problematic frame for where to report the bug.
#

---------------  S U M M A R Y ------------

Command Line: -Dsun.java2d.pmoffscreen=false -Dsun.java2d.xrender=false -Dsun.java2d.d3d=false -Dsun.awt.nopixfmt=true -Dsun.java2d.dpiaware=true -Dsun.java2d.uiScale.enabled=false -Xverify:none -Dswing.aatext=true -XX:-UsePerfData -Djdk.map.althashing.threshold=512 -XX:StringTableSize=4072 --add-opens=java.base/java.nio=ALL-UNNAMED --add-opens=java.desktop/sun.swing=ALL-UNNAMED --add-opens=java.desktop/javax.swing=ALL-UNNAMED --add-opens=java.desktop/javax.swing.tree=ALL-UNNAMED --add-opens=java.desktop/javax.swing.plaf.basic=ALL-UNNAMED --add-opens=java.desktop/javax.swing.plaf.synth=ALL-UNNAMED --add-opens=java.desktop/com.sun.awt=ALL-UNNAMED -XX:NewSize=60m -XX:MaxNewSize=60m -Xms128m -Xmx3072m -Xss5m 

Host: Intel(R) Xeon(R) CPU E3-1231 v3 @ 3.40GHz, 8 cores, 7G,  Windows 7 , 64 bit Build 7601 (6.1.7601.24524)
Time: Mon Oct 14 14:54:59 2019 Mitteleuropäische Sommerzeit elapsed time: 13602 seconds (0d 3h 46m 42s)

---------------  T H R E A D  ---------------

Current thread (0x0000000034e6f800):  JavaThread "AWT-EventQueue-1" [_thread_in_native, id=700, stack(0x0000000037090000,0x0000000037590000)]

Stack: [0x0000000037090000,0x0000000037590000],  sp=0x000000003758b7e0,  free space=5101k
Native frames: (J=compiled Java code, j=interpreted, Vv=VM code, C=native code)

Java frames: (J=compiled Java code, j=interpreted, Vv=VM code)
j  ui.frmwork.tcltasksi.abortNow()V+0
j  ui.bm.b(Ljava/awt/Component;)Z+72
j  ui.ci.windowClosing(Ljava/awt/event/WindowEvent;)V+79
j  java.awt.AWTEventMulticaster.windowClosing(Ljava/awt/event/WindowEvent;)V+21 java.desktop@9.0.4
j  java.awt.AWTEventMulticaster.windowClosing(Ljava/awt/event/WindowEvent;)V+8 java.desktop@9.0.4
j  java.awt.AWTEventMulticaster.windowClosing(Ljava/awt/event/WindowEvent;)V+8 java.desktop@9.0.4
j  java.awt.Window.processWindowEvent(Ljava/awt/event/WindowEvent;)V+68 java.desktop@9.0.4
j  javax.swing.JFrame.processWindowEvent(Ljava/awt/event/WindowEvent;)V+2 java.desktop@9.0.4
J 21579 c1 java.awt.Window.processEvent(Ljava/awt/AWTEvent;)V java.desktop@9.0.4 (101 bytes) @ 0x000000001bedb0d4 [0x000000001beda9e0+0x00000000000006f4]
J 24235 c2 java.awt.Component.dispatchEventImpl(Ljava/awt/AWTEvent;)V java.desktop@9.0.4 (739 bytes) @ 0x000000002195f6b4 [0x000000002195e880+0x0000000000000e34]
J 20743 c2 java.awt.Container.dispatchEventImpl(Ljava/awt/AWTEvent;)V java.desktop@9.0.4 (129 bytes) @ 0x0000000021cc37a8 [0x0000000021cc3740+0x0000000000000068]
J 16727 c2 java.awt.Window.dispatchEventImpl(Ljava/awt/AWTEvent;)V java.desktop@9.0.4 (23 bytes) @ 0x00000000218b610c [0x00000000218b60c0+0x000000000000004c]
J 12869 c2 java.awt.EventQueue$3.run()Ljava/lang/Object; java.desktop@9.0.4 (5 bytes) @ 0x0000000020b89664 [0x0000000020b890e0+0x0000000000000584]
v  ~StubRoutines::call_stub
J 7915  java.security.AccessController.doPrivileged(Ljava/security/PrivilegedAction;Ljava/security/AccessControlContext;)Ljava/lang/Object; java.base@9.0.4 (0 bytes) @ 0x0000000020d85146 [0x0000000020d850e0+0x0000000000000066]
J 16714 c2 java.awt.EventQueue$4.run()Ljava/lang/Object; java.desktop@9.0.4 (5 bytes) @ 0x00000000218af0b8 [0x00000000218aee60+0x0000000000000258]
v  ~StubRoutines::call_stub
J 7915  java.security.AccessController.doPrivileged(Ljava/security/PrivilegedAction;Ljava/security/AccessControlContext;)Ljava/lang/Object; java.base@9.0.4 (0 bytes) @ 0x0000000020d85146 [0x0000000020d850e0+0x0000000000000066]
J 12835 c2 ui.frmwork.b.d.dispatchEvent(Ljava/awt/AWTEvent;)V (34 bytes) @ 0x0000000020c51a58 [0x0000000020c50880+0x00000000000011d8]
J 22630 c2 java.awt.EventDispatchThread.pumpOneEventForFilters(I)V java.desktop@9.0.4 (218 bytes) @ 0x0000000021e8c5f8 [0x0000000021e8c280+0x0000000000000378]
J 21911% c2 java.awt.EventDispatchThread.pumpEventsForFilter(ILjava/awt/Conditional;Ljava/awt/EventFilter;)V java.desktop@9.0.4 (47 bytes) @ 0x00000000211cca58 [0x00000000211cc940+0x0000000000000118]
j  java.awt.EventDispatchThread.pumpEventsForHierarchy(ILjava/awt/Conditional;Ljava/awt/Component;)V+11 java.desktop@9.0.4
j  java.awt.EventDispatchThread.pumpEvents(ILjava/awt/Conditional;)V+4 java.desktop@9.0.4
j  java.awt.EventDispatchThread.pumpEvents(Ljava/awt/Conditional;)V+3 java.desktop@9.0.4
j  java.awt.EventDispatchThread.run()V+9 java.desktop@9.0.4
v  ~StubRoutines::call_stub

siginfo: EXCEPTION_ACCESS_VIOLATION (0xc0000005), reading address 0x0000000000000060


Register to memory mapping:

RIP=0x000007fe8fe44bcf is an unknown value
RAX=0x000007fe902304b0 is an unknown value
RBX=0x00000000c353eeb0 is an unknown value
RCX=0x0000000000000006 is an unknown value
RDX=0x000007fe902304b0 is an unknown value
RSP=0x000000003758b7e0 is pointing into the stack for thread: 0x0000000034e6f800
RBP=0x0000000000000000 is an unknown value
RSI=0x0000000000000001 is an unknown value
RDI=0x000000000000000c is an unknown value
R8 =0x0000000000000000 is an unknown value
R9 =0x0000000000000004 is an unknown value
R10=0x0000d5d0684ebe97 is an unknown value
R11=0x00000d5e001200dd is an unknown value
R12=0x0000000000000000 is an unknown value
R13=0x0000000000000040 is an unknown value
R14=0x000000003758ba08 is pointing into the stack for thread: 0x0000000034e6f800
R15=0x0000000007482d70 is an unknown value


Registers:
RAX=0x000007fe902304b0, RBX=0x00000000c353eeb0, RCX=0x0000000000000006, RDX=0x000007fe902304b0
RSP=0x000000003758b7e0, RBP=0x0000000000000000, RSI=0x0000000000000001, RDI=0x000000000000000c
R8 =0x0000000000000000, R9 =0x0000000000000004, R10=0x0000d5d0684ebe97, R11=0x00000d5e001200dd
R12=0x0000000000000000, R13=0x0000000000000040, R14=0x000000003758ba08, R15=0x0000000007482d70
RIP=0x000007fe8fe44bcf, EFLAGS=0x0000000000010206

Top of Stack: (sp=0x000000003758b7e0)
0x000000003758b7e0:   000007fe8fb044c0 0000000000000001
0x000000003758b7f0:   0000000000000000 000007fe8fe42662
0x000000003758b800:   fffffffffffffffe 0000000000000008
0x000000003758b810:   000000003758ba08 00000000385f7e50
0x000000003758b820:   0000000000000001 000007fe8fe42682
0x000000003758b830:   00000000c353eeb0 000000009503ef60
0x000000003758b840:   0000000000000000 00000000c353eeb0
0x000000003758b850:   fffffffffffffffe 0000be3209cd6d33
0x000000003758b860:   00000000385f7e50 000007fe8fe42c89
0x000000003758b870:   00000000c353eeb0 0000000000000001
0x000000003758b880:   00000000073c5a60 0000000000000001
0x000000003758b890:   fffffffffffffffe 000000003758ba08
0x000000003758b8a0:   00000000385f7e50 000007fe8fe42da4
0x000000003758b8b0:   00000000c353eeb0 00000000c353eeb0
0x000000003758b8c0:   0000000000000001 000000003758ba08
0x000000003758b8d0:   fffffffffffffffe 0000d5d0684ebe97 

Instructions: (pc=0x000007fe8fe44bcf)
0x000007fe8fe44baf:   e8 5c b7 fa ff 48 8b d0 48 8b cb 48 c1 e9 03 48
0x000007fe8fe44bbf:   03 cb 48 23 48 30 4c 8b 40 18 48 8b f9 48 03 ff
0x000007fe8fe44bcf:   49 8b 3c f8 48 03 c9 4c 8d 0c cd 08 00 00 00 4d
0x000007fe8fe44bdf:   8b 14 c8 4c 3b 52 08 75 06 48 8b 42 08 eb 07 4b 



---------------  P R O C E S S  ---------------

Java Threads: ( => current thread )
  0x000000004ae56000 JavaThread "Thread-8556" [_thread_in_native, id=3112, stack(0x0000000039ec0000,0x0000000039fc0000)]
  0x000000004ae54800 JavaThread "Program Configuration Memory Device" [_thread_in_native, id=9420, stack(0x00000000709b0000,0x0000000070eb0000)]
  0x000000008ef76000 JavaThread "Swing-Shell" daemon [_thread_blocked, id=8984, stack(0x0000000070300000,0x0000000070800000)]
  0x000000008ef78000 JavaThread "SyntheticaAnimation 50" daemon [_thread_blocked, id=8476, stack(0x000000004d8d0000,0x000000004ddd0000)]
  0x0000000044419800 JavaThread "SyntheticaAnimation 50" daemon [_thread_blocked, id=2196, stack(0x0000000050860000,0x0000000050d60000)]
  0x0000000044419000 JavaThread "hw_ila_monitor" [_thread_blocked, id=3624, stack(0x0000000045620000,0x0000000045b20000)]
  0x0000000044418000 JavaThread "Update Runs Swing Worker" [_thread_blocked, id=6300, stack(0x0000000045030000,0x0000000045530000)]
  0x000000000d578000 JavaThread "Refresh Filesets Swing Worker" [_thread_blocked, id=1076, stack(0x0000000036650000,0x0000000036b50000)]
  0x000000000d57c800 JavaThread "SyntheticaAnimation 70" daemon [_thread_blocked, id=4000, stack(0x0000000040730000,0x0000000040c30000)]
  0x000000000d57b000 JavaThread "SyntheticaAnimation 25" daemon [_thread_blocked, id=5260, stack(0x000000003ea70000,0x000000003ef70000)]
  0x000000000d579800 JavaThread "SyntheticaAnimation 50" daemon [_thread_blocked, id=7280, stack(0x000000003e220000,0x000000003e720000)]
  0x000000000d57a800 JavaThread "Monitor HEventQueue" [_thread_blocked, id=8600, stack(0x0000000037a80000,0x0000000037f80000)]
  0x000000000d579000 JavaThread "Batik CleanerThread" daemon [_thread_blocked, id=9188, stack(0x000000003b370000,0x000000003b870000)]
  0x000000000d577800 JavaThread "SyntheticaCleanerThread" daemon [_thread_blocked, id=3484, stack(0x0000000039560000,0x0000000039a60000)]
=>0x0000000034e6f800 JavaThread "AWT-EventQueue-1" [_thread_in_native, id=700, stack(0x0000000037090000,0x0000000037590000)]
  0x000000000bca1800 JavaThread "Process Messages" [_thread_blocked, id=6980, stack(0x0000000034260000,0x0000000034760000)]
  0x0000000034cdc800 JavaThread "Thread-1" [_thread_in_native, id=7792, stack(0x00000000036c0000,0x0000000004ac0000)]
  0x0000000034e10800 JavaThread "TimerQueue" daemon [_thread_blocked, id=7000, stack(0x00000000360b0000,0x00000000365b0000)]
  0x0000000007cc9000 JavaThread "AWT-Windows" daemon [_thread_in_native, id=4960, stack(0x0000000033440000,0x0000000033940000)]
  0x0000000007cc8800 JavaThread "AWT-Shutdown" [_thread_blocked, id=6892, stack(0x0000000032ef0000,0x00000000333f0000)]
  0x000000000bb2a800 JavaThread "Java2D Disposer" daemon [_thread_blocked, id=8664, stack(0x00000000328b0000,0x0000000032db0000)]
  0x00000000095f3800 JavaThread "Service Thread" daemon [_thread_blocked, id=8308, stack(0x0000000032290000,0x0000000032790000)]
  0x000000000907f000 JavaThread "Common-Cleaner" daemon [_thread_blocked, id=7328, stack(0x0000000031c20000,0x0000000032120000)]
  0x000000000d576800 JavaThread "Sweeper thread" daemon [_thread_blocked, id=4148, stack(0x0000000031680000,0x0000000031b80000)]
  0x000000000d187000 JavaThread "C1 CompilerThread3" daemon [_thread_in_vm, id=3016, stack(0x00000000313b0000,0x00000000314b0000)]
  0x000000000962c000 JavaThread "C2 CompilerThread2" daemon [_thread_blocked, id=1588, stack(0x00000000303e0000,0x00000000304e0000)]
  0x000000000a583000 JavaThread "C2 CompilerThread1" daemon [_thread_blocked, id=5576, stack(0x00000000310d0000,0x00000000311d0000)]
  0x0000000007ae5000 JavaThread "C2 CompilerThread0" daemon [_thread_blocked, id=8848, stack(0x0000000030a50000,0x0000000030b50000)]
  0x0000000009380000 JavaThread "Attach Listener" daemon [_thread_blocked, id=8496, stack(0x0000000030bc0000,0x00000000310c0000)]
  0x000000000b4f1800 JavaThread "Signal Dispatcher" daemon [_thread_blocked, id=8536, stack(0x00000000304e0000,0x00000000309e0000)]
  0x000000000b3ba800 JavaThread "Finalizer" daemon [_thread_blocked, id=6820, stack(0x000000002fe10000,0x0000000030310000)]
  0x00000000091ee800 JavaThread "Reference Handler" daemon [_thread_blocked, id=7632, stack(0x0000000011990000,0x0000000011e90000)]
  0x000000000ceec800 JavaThread "main" [_thread_blocked, id=6760, stack(0x0000000008530000,0x0000000008630000)]

Other Threads:
  0x00000000091ee000 VMThread "VM Thread" [stack: 0x0000000011820000,0x0000000011920000] [id=3592]
  0x000000000d188000 WatcherThread [stack: 0x0000000031560000,0x0000000031660000] [id=5348]
  0x000000000d07a000 GCTaskThread "GC Thread#0" [stack: 0x000000000c040000,0x000000000c140000] [id=7312]
  0x000000000962d800 GCTaskThread "GC Thread#1" [stack: 0x000000000c280000,0x000000000c380000] [id=9068]
  0x000000000962e000 GCTaskThread "GC Thread#2" [stack: 0x000000000c450000,0x000000000c550000] [id=1616]
  0x000000000962e800 GCTaskThread "GC Thread#3" [stack: 0x000000000c550000,0x000000000c650000] [id=5176]
  0x000000000962f000 GCTaskThread "GC Thread#4" [stack: 0x000000000c170000,0x000000000c270000] [id=3300]
  0x0000000009630000 GCTaskThread "GC Thread#5" [stack: 0x0000000008720000,0x0000000008820000] [id=9196]
  0x0000000009630800 GCTaskThread "GC Thread#6" [stack: 0x000000000d850000,0x000000000d950000] [id=6724]
  0x0000000009631000 GCTaskThread "GC Thread#7" [stack: 0x000000000daa0000,0x000000000dba0000] [id=6080]
  0x0000000009367800 ConcurrentGCThread "G1 Main Marker" [stack: 0x0000000010530000,0x0000000010630000] [id=1068]
  0x0000000009631800 ConcurrentGCThread "G1 Marker#0" [stack: 0x0000000010760000,0x0000000010860000] [id=8448]
  0x0000000009632800 ConcurrentGCThread "G1 Marker#1" [stack: 0x0000000010430000,0x0000000010530000] [id=6876]
  0x0000000009366800 ConcurrentGCThread "G1 Refine#0" [stack: 0x000000000eb30000,0x000000000ec30000] [id=7944]
  0x0000000008ce8800 ConcurrentGCThread "G1 Refine#1" [stack: 0x000000000e8a0000,0x000000000e9a0000] [id=2956]
  0x000000000934d800 ConcurrentGCThread "G1 Refine#2" [stack: 0x000000000e9a0000,0x000000000eaa0000] [id=7580]
  0x0000000009030800 ConcurrentGCThread "G1 Refine#3" [stack: 0x000000000e710000,0x000000000e810000] [id=1084]
  0x0000000007ae0000 ConcurrentGCThread "G1 Refine#4" [stack: 0x000000000e200000,0x000000000e300000] [id=3676]
  0x000000000d71f000 ConcurrentGCThread "G1 Refine#5" [stack: 0x000000000e4a0000,0x000000000e5a0000] [id=1832]
  0x000000000ccc0000 ConcurrentGCThread "G1 Refine#6" [stack: 0x000000000e5b0000,0x000000000e6b0000] [id=8860]
  0x0000000008ff2800 ConcurrentGCThread "G1 Refine#7" [stack: 0x000000000e300000,0x000000000e400000] [id=4424]
  0x0000000008d0e000 ConcurrentGCThread "G1 Young RemSet Sampling" [stack: 0x000000000c650000,0x000000000c750000] [id=8832]

Threads with active compile tasks:
C1 CompilerThread324659       3       java.awt.Component::isRecursivelyVisible (30 bytes)

VM state:not at safepoint (normal execution)

VM Mutex/Monitor currently owned by a thread:  ([mutex/lock_event])
[0x00000000099fc330] Compile_lock - owner thread: 0x000000000d187000

Heap address: 0x0000000700000000, size: 3072 MB, Compressed Oops mode: Zero based, Oop shift amount: 3
Narrow klass base: 0x0000000000000000, Narrow klass shift: 3
Compressed class space size: 1073741824 Address: 0x00000007c0000000

Heap:
 garbage-first heap   total 289792K, used 101464K [0x0000000700000000, 0x00000007001008d8, 0x00000007c0000000)
  region size 1024K, 11 young (11264K), 1 survivors (1024K)
 Metaspace       used 97813K, capacity 100840K, committed 104112K, reserved 1138688K
  class space    used 14557K, capacity 15146K, committed 15792K, reserved 1048576K
Heap Regions: E=young(eden), S=young(survivor), O=old, HS=humongous(starts), HC=humongous(continues), CS=collection set, F=free, A=archive, TS=gc time stamp, AC=allocation context, TAMS=top-at-mark-start (previous, next)
|   0|0x0000000700000000, 0x00000007000f51a0, 0x0000000700100000| 95%| O|  |TS  0|AC  0|TAMS 0x0000000700000000, 0x0000000700000000|
|   1|0x0000000700100000, 0x0000000700200000, 0x0000000700200000|100%|HS|  |TS  0|AC  0|TAMS 0x0000000700100000, 0x0000000700100000|
|   2|0x0000000700200000, 0x0000000700300000, 0x0000000700300000|100%|HC|  |TS  0|AC  0|TAMS 0x0000000700200000, 0x0000000700200000|
|   3|0x0000000700300000, 0x0000000700400000, 0x0000000700400000|100%|HS|  |TS  0|AC  0|TAMS 0x0000000700300000, 0x0000000700300000|
|   4|0x0000000700400000, 0x0000000700500000, 0x0000000700500000|100%| O|  |TS  0|AC  0|TAMS 0x0000000700400000, 0x0000000700400000|
|   5|0x0000000700500000, 0x0000000700600000, 0x0000000700600000|100%| O|  |TS  0|AC  0|TAMS 0x0000000700500000, 0x0000000700500000|
|   6|0x0000000700600000, 0x00000007006ffff8, 0x0000000700700000| 99%| O|  |TS  0|AC  0|TAMS 0x0000000700600000, 0x0000000700600000|
|   7|0x0000000700700000, 0x00000007007d4930, 0x0000000700800000| 83%| O|  |TS  0|AC  0|TAMS 0x0000000700700000, 0x0000000700700000|
|   8|0x0000000700800000, 0x00000007008fffd0, 0x0000000700900000| 99%| O|  |TS  0|AC  0|TAMS 0x0000000700800000, 0x0000000700800000|
|   9|0x0000000700900000, 0x0000000700a00000, 0x0000000700a00000|100%| O|  |TS  0|AC  0|TAMS 0x0000000700900000, 0x0000000700900000|
|  10|0x0000000700a00000, 0x0000000700afffe8, 0x0000000700b00000| 99%| O|  |TS  0|AC  0|TAMS 0x0000000700a00000, 0x0000000700a00000|
|  11|0x0000000700b00000, 0x0000000700bfd1e8, 0x0000000700c00000| 98%| O|  |TS  0|AC  0|TAMS 0x0000000700b00000, 0x0000000700b00000|
|  12|0x0000000700c00000, 0x0000000700cffbd0, 0x0000000700d00000| 99%| O|  |TS  0|AC  0|TAMS 0x0000000700c00000, 0x0000000700c00000|
|  13|0x0000000700d00000, 0x0000000700dfdd18, 0x0000000700e00000| 99%| O|  |TS  0|AC  0|TAMS 0x0000000700d00000, 0x0000000700d00000|
|  14|0x0000000700e00000, 0x0000000700effff8, 0x0000000700f00000| 99%| O|  |TS  0|AC  0|TAMS 0x0000000700e00000, 0x0000000700e00000|
|  15|0x0000000700f00000, 0x0000000701000000, 0x0000000701000000|100%| O|  |TS  0|AC  0|TAMS 0x0000000700f00000, 0x0000000700f00000|
|  16|0x0000000701000000, 0x00000007010fffe0, 0x0000000701100000| 99%| O|  |TS  0|AC  0|TAMS 0x0000000701000000, 0x0000000701000000|
|  17|0x0000000701100000, 0x00000007011ffff8, 0x0000000701200000| 99%| O|  |TS  0|AC  0|TAMS 0x0000000701100000, 0x0000000701100000|
|  18|0x0000000701200000, 0x00000007012fffd8, 0x0000000701300000| 99%| O|  |TS  0|AC  0|TAMS 0x0000000701200000, 0x0000000701200000|
|  19|0x0000000701300000, 0x00000007013ffff0, 0x0000000701400000| 99%| O|  |TS  0|AC  0|TAMS 0x0000000701300000, 0x0000000701300000|
|  20|0x0000000701400000, 0x00000007014ffff8, 0x0000000701500000| 99%| O|  |TS  0|AC  0|TAMS 0x0000000701400000, 0x0000000701400000|
|  21|0x0000000701500000, 0x00000007015ffff8, 0x0000000701600000| 99%| O|  |TS  0|AC  0|TAMS 0x0000000701500000, 0x0000000701500000|
|  22|0x0000000701600000, 0x00000007016ffff8, 0x0000000701700000| 99%| O|  |TS  0|AC  0|TAMS 0x0000000701600000, 0x0000000701600000|
|  23|0x0000000701700000, 0x0000000701800000, 0x0000000701800000|100%| O|  |TS  0|AC  0|TAMS 0x0000000701700000, 0x0000000701700000|
|  24|0x0000000701800000, 0x00000007018fff58, 0x0000000701900000| 99%| O|  |TS  0|AC  0|TAMS 0x0000000701800000, 0x0000000701800000|
|  25|0x0000000701900000, 0x00000007019ffe28, 0x0000000701a00000| 99%| O|  |TS  0|AC  0|TAMS 0x0000000701900000, 0x0000000701900000|
|  26|0x0000000701a00000, 0x0000000701afffd0, 0x0000000701b00000| 99%| O|  |TS  0|AC  0|TAMS 0x0000000701a00000, 0x0000000701a00000|
|  27|0x0000000701b00000, 0x0000000701bfffd8, 0x0000000701c00000| 99%| O|  |TS  0|AC  0|TAMS 0x0000000701b00000, 0x0000000701b00000|
|  28|0x0000000701c00000, 0x0000000701d00000, 0x0000000701d00000|100%| O|  |TS  0|AC  0|TAMS 0x0000000701c00000, 0x0000000701c00000|
|  29|0x0000000701d00000, 0x0000000701dfffe0, 0x0000000701e00000| 99%| O|  |TS  0|AC  0|TAMS 0x0000000701d00000, 0x0000000701d00000|
|  30|0x0000000701e00000, 0x0000000701f00000, 0x0000000701f00000|100%| O|  |TS  0|AC  0|TAMS 0x0000000701e00000, 0x0000000701e00000|
|  31|0x0000000701f00000, 0x0000000701fffff8, 0x0000000702000000| 99%| O|  |TS  0|AC  0|TAMS 0x0000000701f00000, 0x0000000701f00000|
|  32|0x0000000702000000, 0x00000007020ffff0, 0x0000000702100000| 99%| O|  |TS  0|AC  0|TAMS 0x0000000702000000, 0x0000000702000000|
|  33|0x0000000702100000, 0x00000007021fffe0, 0x0000000702200000| 99%| O|  |TS  0|AC  0|TAMS 0x0000000702100000, 0x0000000702100000|
|  34|0x0000000702200000, 0x00000007022e2080, 0x0000000702300000| 88%| O|  |TS  0|AC  0|TAMS 0x0000000702200000, 0x0000000702200000|
|  35|0x0000000702300000, 0x00000007023ffff0, 0x0000000702400000| 99%| O|  |TS  0|AC  0|TAMS 0x0000000702300000, 0x0000000702300000|
|  36|0x0000000702400000, 0x00000007024c13b0, 0x0000000702500000| 75%| O|  |TS  0|AC  0|TAMS 0x0000000702400000, 0x0000000702400000|
|  37|0x0000000702500000, 0x0000000702600000, 0x0000000702600000|100%| O|  |TS  0|AC  0|TAMS 0x0000000702500000, 0x0000000702500000|
|  38|0x0000000702600000, 0x00000007026fffe0, 0x0000000702700000| 99%| O|  |TS  0|AC  0|TAMS 0x0000000702600000, 0x0000000702600000|
|  39|0x0000000702700000, 0x00000007027ff3b8, 0x0000000702800000| 99%| O|  |TS  0|AC  0|TAMS 0x0000000702700000, 0x0000000702700000|
|  40|0x0000000702800000, 0x00000007028f13a8, 0x0000000702900000| 94%| O|  |TS  0|AC  0|TAMS 0x0000000702800000, 0x0000000702800000|
|  41|0x0000000702900000, 0x00000007029ffff8, 0x0000000702a00000| 99%| O|  |TS  0|AC  0|TAMS 0x0000000702900000, 0x0000000702900000|
|  42|0x0000000702a00000, 0x0000000702b00000, 0x0000000702b00000|100%| O|  |TS  0|AC  0|TAMS 0x0000000702a00000, 0x0000000702a00000|
|  43|0x0000000702b00000, 0x0000000702bffff8, 0x0000000702c00000| 99%| O|  |TS  0|AC  0|TAMS 0x0000000702b00000, 0x0000000702b00000|
|  44|0x0000000702c00000, 0x0000000702cfe938, 0x0000000702d00000| 99%| O|  |TS  0|AC  0|TAMS 0x0000000702c00000, 0x0000000702c00000|
|  45|0x0000000702d00000, 0x0000000702e00000, 0x0000000702e00000|100%| O|  |TS  0|AC  0|TAMS 0x0000000702d00000, 0x0000000702d00000|
|  46|0x0000000702e00000, 0x0000000702efff38, 0x0000000702f00000| 99%| O|  |TS  0|AC  0|TAMS 0x0000000702e00000, 0x0000000702e00000|
|  47|0x0000000702f00000, 0x0000000702fffff8, 0x0000000703000000| 99%| O|  |TS  0|AC  0|TAMS 0x0000000702f00000, 0x0000000702f00000|
|  48|0x0000000703000000, 0x0000000703100000, 0x0000000703100000|100%|HS|  |TS  0|AC  0|TAMS 0x0000000703000000, 0x0000000703000000|
|  49|0x0000000703100000, 0x00000007031ffec0, 0x0000000703200000| 99%| O|  |TS  0|AC  0|TAMS 0x0000000703100000, 0x0000000703100000|
|  50|0x0000000703200000, 0x00000007032ffff8, 0x0000000703300000| 99%| O|  |TS  0|AC  0|TAMS 0x0000000703200000, 0x0000000703200000|
|  51|0x0000000703300000, 0x00000007033fffd8, 0x0000000703400000| 99%| O|  |TS  0|AC  0|TAMS 0x0000000703300000, 0x0000000703300000|
|  52|0x0000000703400000, 0x00000007034fffe8, 0x0000000703500000| 99%| O|  |TS  0|AC  0|TAMS 0x0000000703400000, 0x0000000703400000|
|  53|0x0000000703500000, 0x0000000703600000, 0x0000000703600000|100%|HS|  |TS  0|AC  0|TAMS 0x0000000703500000, 0x0000000703500000|
|  54|0x0000000703600000, 0x0000000703700000, 0x0000000703700000|100%|HC|  |TS  0|AC  0|TAMS 0x0000000703600000, 0x0000000703600000|
|  55|0x0000000703700000, 0x0000000703800000, 0x0000000703800000|100%| O|  |TS  0|AC  0|TAMS 0x0000000703700000, 0x0000000703700000|
|  56|0x0000000703800000, 0x0000000703900000, 0x0000000703900000|100%| O|  |TS  0|AC  0|TAMS 0x0000000703800000, 0x0000000703800000|
|  57|0x0000000703900000, 0x00000007039ffff8, 0x0000000703a00000| 99%| O|  |TS  0|AC  0|TAMS 0x0000000703900000, 0x0000000703900000|
|  58|0x0000000703a00000, 0x0000000703afffe8, 0x0000000703b00000| 99%| O|  |TS  0|AC  0|TAMS 0x0000000703a00000, 0x0000000703a00000|
|  59|0x0000000703b00000, 0x0000000703bffff8, 0x0000000703c00000| 99%| O|  |TS  0|AC  0|TAMS 0x0000000703b00000, 0x0000000703b00000|
|  60|0x0000000703c00000, 0x0000000703cffff0, 0x0000000703d00000| 99%| O|  |TS  0|AC  0|TAMS 0x0000000703c00000, 0x0000000703c00000|
|  61|0x0000000703d00000, 0x0000000703dffff8, 0x0000000703e00000| 99%| O|  |TS  0|AC  0|TAMS 0x0000000703d00000, 0x0000000703d00000|
|  62|0x0000000703e00000, 0x0000000703efff10, 0x0000000703f00000| 99%| O|  |TS  0|AC  0|TAMS 0x0000000703e00000, 0x0000000703e00000|
|  63|0x0000000703f00000, 0x0000000703ffffe0, 0x0000000704000000| 99%| O|  |TS  0|AC  0|TAMS 0x0000000703f00000, 0x0000000703f00000|
|  64|0x0000000704000000, 0x00000007040ffff0, 0x0000000704100000| 99%| O|  |TS  0|AC  0|TAMS 0x0000000704000000, 0x0000000704000000|
|  65|0x0000000704100000, 0x00000007041ffff0, 0x0000000704200000| 99%| O|  |TS  0|AC  0|TAMS 0x0000000704100000, 0x0000000704100000|
|  66|0x0000000704200000, 0x0000000704300000, 0x0000000704300000|100%| O|  |TS  0|AC  0|TAMS 0x0000000704200000, 0x0000000704200000|
|  67|0x0000000704300000, 0x00000007043fffc8, 0x0000000704400000| 99%| O|  |TS  0|AC  0|TAMS 0x0000000704300000, 0x0000000704300000|
|  68|0x0000000704400000, 0x00000007044fffd0, 0x0000000704500000| 99%| O|  |TS  0|AC  0|TAMS 0x0000000704400000, 0x0000000704400000|
|  69|0x0000000704500000, 0x00000007045fffe0, 0x0000000704600000| 99%| O|  |TS  0|AC  0|TAMS 0x0000000704500000, 0x0000000704500000|
|  70|0x0000000704600000, 0x00000007046ffff8, 0x0000000704700000| 99%| O|  |TS  0|AC  0|TAMS 0x0000000704600000, 0x0000000704600000|
|  71|0x0000000704700000, 0x00000007047fffd0, 0x0000000704800000| 99%| O|  |TS  0|AC  0|TAMS 0x0000000704700000, 0x0000000704700000|
|  72|0x0000000704800000, 0x00000007048fffe0, 0x0000000704900000| 99%| O|  |TS  0|AC  0|TAMS 0x0000000704800000, 0x0000000704800000|
|  73|0x0000000704900000, 0x00000007049fffe8, 0x0000000704a00000| 99%| O|  |TS  0|AC  0|TAMS 0x0000000704900000, 0x0000000704900000|
|  74|0x0000000704a00000, 0x0000000704affff8, 0x0000000704b00000| 99%| O|  |TS  0|AC  0|TAMS 0x0000000704a00000, 0x0000000704a00000|
|  75|0x0000000704b00000, 0x0000000704bfffe8, 0x0000000704c00000| 99%| O|  |TS  0|AC  0|TAMS 0x0000000704b00000, 0x0000000704b00000|
|  76|0x0000000704c00000, 0x0000000704cffff0, 0x0000000704d00000| 99%| O|  |TS  0|AC  0|TAMS 0x0000000704c00000, 0x0000000704c00000|
|  77|0x0000000704d00000, 0x0000000704dfff10, 0x0000000704e00000| 99%| O|  |TS  0|AC  0|TAMS 0x0000000704d00000, 0x0000000704d00000|
|  78|0x0000000704e00000, 0x0000000704effea8, 0x0000000704f00000| 99%| O|  |TS  0|AC  0|TAMS 0x0000000704e00000, 0x0000000704e00000|
|  79|0x0000000704f00000, 0x0000000704ffffe0, 0x0000000705000000| 99%| O|  |TS  0|AC  0|TAMS 0x0000000704f00000, 0x0000000704f00000|
|  80|0x0000000705000000, 0x0000000705100000, 0x0000000705100000|100%| O|  |TS  0|AC  0|TAMS 0x0000000705000000, 0x0000000705000000|
|  81|0x0000000705100000, 0x00000007051ffff8, 0x0000000705200000| 99%| O|  |TS  0|AC  0|TAMS 0x0000000705100000, 0x0000000705100000|
|  82|0x0000000705200000, 0x00000007052156f0, 0x0000000705300000|  8%| O|  |TS  0|AC  0|TAMS 0x0000000705200000, 0x0000000705200000|
|  83|0x0000000705300000, 0x0000000705300000, 0x0000000705400000|  0%| F|  |TS  0|AC  0|TAMS 0x0000000705300000, 0x0000000705300000|
|  84|0x0000000705400000, 0x0000000705400000, 0x0000000705500000|  0%| F|  |TS  0|AC  0|TAMS 0x0000000705400000, 0x0000000705400000|
|  85|0x0000000705500000, 0x0000000705500000, 0x0000000705600000|  0%| F|  |TS  0|AC  0|TAMS 0x0000000705500000, 0x0000000705500000|
|  86|0x0000000705600000, 0x0000000705600000, 0x0000000705700000|  0%| F|  |TS  0|AC  0|TAMS 0x0000000705600000, 0x0000000705600000|
|  87|0x0000000705700000, 0x0000000705700000, 0x0000000705800000|  0%| F|  |TS  0|AC  0|TAMS 0x0000000705700000, 0x0000000705700000|
|  88|0x0000000705800000, 0x0000000705800000, 0x0000000705900000|  0%| F|  |TS  0|AC  0|TAMS 0x0000000705800000, 0x0000000705800000|
|  89|0x0000000705900000, 0x0000000705900000, 0x0000000705a00000|  0%| F|  |TS  0|AC  0|TAMS 0x0000000705900000, 0x0000000705900000|
|  90|0x0000000705a00000, 0x0000000705a00000, 0x0000000705b00000|  0%| F|  |TS  0|AC  0|TAMS 0x0000000705a00000, 0x0000000705a00000|
|  91|0x0000000705b00000, 0x0000000705b00000, 0x0000000705c00000|  0%| F|  |TS  0|AC  0|TAMS 0x0000000705b00000, 0x0000000705b00000|
|  92|0x0000000705c00000, 0x0000000705c00000, 0x0000000705d00000|  0%| F|  |TS  0|AC  0|TAMS 0x0000000705c00000, 0x0000000705c00000|
|  93|0x0000000705d00000, 0x0000000705d00000, 0x0000000705e00000|  0%| F|  |TS  0|AC  0|TAMS 0x0000000705d00000, 0x0000000705d00000|
|  94|0x0000000705e00000, 0x0000000705e00000, 0x0000000705f00000|  0%| F|  |TS  0|AC  0|TAMS 0x0000000705e00000, 0x0000000705e00000|
|  95|0x0000000705f00000, 0x0000000705f00000, 0x0000000706000000|  0%| F|  |TS  0|AC  0|TAMS 0x0000000705f00000, 0x0000000705f00000|
|  96|0x0000000706000000, 0x0000000706000000, 0x0000000706100000|  0%| F|  |TS  0|AC  0|TAMS 0x0000000706000000, 0x0000000706000000|
|  97|0x0000000706100000, 0x0000000706100000, 0x0000000706200000|  0%| F|  |TS  0|AC  0|TAMS 0x0000000706100000, 0x0000000706100000|
|  98|0x0000000706200000, 0x0000000706200000, 0x0000000706300000|  0%| F|  |TS  0|AC  0|TAMS 0x0000000706200000, 0x0000000706200000|
|  99|0x0000000706300000, 0x0000000706300000, 0x0000000706400000|  0%| F|  |TS  0|AC  0|TAMS 0x0000000706300000, 0x0000000706300000|
| 100|0x0000000706400000, 0x0000000706400000, 0x0000000706500000|  0%| F|  |TS  0|AC  0|TAMS 0x0000000706400000, 0x0000000706400000|
| 101|0x0000000706500000, 0x0000000706500000, 0x0000000706600000|  0%| F|  |TS  0|AC  0|TAMS 0x0000000706500000, 0x0000000706500000|
| 102|0x0000000706600000, 0x0000000706600000, 0x0000000706700000|  0%| F|  |TS  0|AC  0|TAMS 0x0000000706600000, 0x0000000706600000|
| 103|0x0000000706700000, 0x0000000706700000, 0x0000000706800000|  0%| F|  |TS  0|AC  0|TAMS 0x0000000706700000, 0x0000000706700000|
| 104|0x0000000706800000, 0x0000000706800000, 0x0000000706900000|  0%| F|  |TS  0|AC  0|TAMS 0x0000000706800000, 0x0000000706800000|
| 105|0x0000000706900000, 0x0000000706900000, 0x0000000706a00000|  0%| F|  |TS  0|AC  0|TAMS 0x0000000706900000, 0x0000000706900000|
| 106|0x0000000706a00000, 0x0000000706a00000, 0x0000000706b00000|  0%| F|  |TS  0|AC  0|TAMS 0x0000000706a00000, 0x0000000706a00000|
| 107|0x0000000706b00000, 0x0000000706b00000, 0x0000000706c00000|  0%| F|  |TS  0|AC  0|TAMS 0x0000000706b00000, 0x0000000706b00000|
| 108|0x0000000706c00000, 0x0000000706c00000, 0x0000000706d00000|  0%| F|  |TS  0|AC  0|TAMS 0x0000000706c00000, 0x0000000706c00000|
| 109|0x0000000706d00000, 0x0000000706d00000, 0x0000000706e00000|  0%| F|  |TS  0|AC  0|TAMS 0x0000000706d00000, 0x0000000706d00000|
| 110|0x0000000706e00000, 0x0000000706e00000, 0x0000000706f00000|  0%| F|  |TS  0|AC  0|TAMS 0x0000000706e00000, 0x0000000706e00000|
| 111|0x0000000706f00000, 0x0000000706f00000, 0x0000000707000000|  0%| F|  |TS  0|AC  0|TAMS 0x0000000706f00000, 0x0000000706f00000|
| 112|0x0000000707000000, 0x0000000707000000, 0x0000000707100000|  0%| F|  |TS  0|AC  0|TAMS 0x0000000707000000, 0x0000000707000000|
| 113|0x0000000707100000, 0x0000000707100000, 0x0000000707200000|  0%| F|  |TS  0|AC  0|TAMS 0x0000000707100000, 0x0000000707100000|
| 114|0x0000000707200000, 0x0000000707200000, 0x0000000707300000|  0%| F|  |TS  0|AC  0|TAMS 0x0000000707200000, 0x0000000707200000|
| 115|0x0000000707300000, 0x0000000707300000, 0x0000000707400000|  0%| F|  |TS  0|AC  0|TAMS 0x0000000707300000, 0x0000000707300000|
| 116|0x0000000707400000, 0x0000000707400000, 0x0000000707500000|  0%| F|  |TS  0|AC  0|TAMS 0x0000000707400000, 0x0000000707400000|
| 117|0x0000000707500000, 0x0000000707500000, 0x0000000707600000|  0%| F|  |TS  0|AC  0|TAMS 0x0000000707500000, 0x0000000707500000|
| 118|0x0000000707600000, 0x0000000707600000, 0x0000000707700000|  0%| F|  |TS  0|AC  0|TAMS 0x0000000707600000, 0x0000000707600000|
| 119|0x0000000707700000, 0x0000000707700000, 0x0000000707800000|  0%| F|  |TS  0|AC  0|TAMS 0x0000000707700000, 0x0000000707700000|
| 120|0x0000000707800000, 0x0000000707800000, 0x0000000707900000|  0%| F|  |TS  0|AC  0|TAMS 0x0000000707800000, 0x0000000707800000|
| 121|0x0000000707900000, 0x0000000707900000, 0x0000000707a00000|  0%| F|  |TS  0|AC  0|TAMS 0x0000000707900000, 0x0000000707900000|
| 122|0x0000000707a00000, 0x0000000707a00000, 0x0000000707b00000|  0%| F|  |TS  0|AC  0|TAMS 0x0000000707a00000, 0x0000000707a00000|
| 123|0x0000000707b00000, 0x0000000707b00000, 0x0000000707c00000|  0%| F|  |TS  0|AC  0|TAMS 0x0000000707b00000, 0x0000000707b00000|
| 124|0x0000000707c00000, 0x0000000707c00000, 0x0000000707d00000|  0%| F|  |TS  0|AC  0|TAMS 0x0000000707c00000, 0x0000000707c00000|
| 125|0x0000000707d00000, 0x0000000707d00000, 0x0000000707e00000|  0%| F|  |TS  0|AC  0|TAMS 0x0000000707d00000, 0x0000000707d00000|
| 126|0x0000000707e00000, 0x0000000707e00000, 0x0000000707f00000|  0%| F|  |TS  0|AC  0|TAMS 0x0000000707e00000, 0x0000000707e00000|
| 127|0x0000000707f00000, 0x0000000707f00000, 0x0000000708000000|  0%| F|  |TS  0|AC  0|TAMS 0x0000000707f00000, 0x0000000707f00000|
| 128|0x0000000708000000, 0x0000000708000000, 0x0000000708100000|  0%| F|  |TS  0|AC  0|TAMS 0x0000000708000000, 0x0000000708000000|
| 129|0x0000000708100000, 0x0000000708100000, 0x0000000708200000|  0%| F|  |TS  0|AC  0|TAMS 0x0000000708100000, 0x0000000708100000|
| 130|0x0000000708200000, 0x0000000708200000, 0x0000000708300000|  0%| F|  |TS  0|AC  0|TAMS 0x0000000708200000, 0x0000000708200000|
| 131|0x0000000708300000, 0x0000000708300000, 0x0000000708400000|  0%| F|  |TS  0|AC  0|TAMS 0x0000000708300000, 0x0000000708300000|
| 132|0x0000000708400000, 0x0000000708400000, 0x0000000708500000|  0%| F|  |TS  0|AC  0|TAMS 0x0000000708400000, 0x0000000708400000|
| 133|0x0000000708500000, 0x0000000708500000, 0x0000000708600000|  0%| F|  |TS  0|AC  0|TAMS 0x0000000708500000, 0x0000000708500000|
| 134|0x0000000708600000, 0x0000000708600000, 0x0000000708700000|  0%| F|  |TS  0|AC  0|TAMS 0x0000000708600000, 0x0000000708600000|
| 135|0x0000000708700000, 0x0000000708700000, 0x0000000708800000|  0%| F|  |TS  0|AC  0|TAMS 0x0000000708700000, 0x0000000708700000|
| 136|0x0000000708800000, 0x0000000708800000, 0x0000000708900000|  0%| F|  |TS  0|AC  0|TAMS 0x0000000708800000, 0x0000000708800000|
| 137|0x0000000708900000, 0x0000000708900000, 0x0000000708a00000|  0%| F|  |TS  0|AC  0|TAMS 0x0000000708900000, 0x0000000708900000|
| 138|0x0000000708a00000, 0x0000000708a00000, 0x0000000708b00000|  0%| F|  |TS  0|AC  0|TAMS 0x0000000708a00000, 0x0000000708a00000|
| 139|0x0000000708b00000, 0x0000000708b00000, 0x0000000708c00000|  0%| F|  |TS  0|AC  0|TAMS 0x0000000708b00000, 0x0000000708b00000|
| 140|0x0000000708c00000, 0x0000000708c00000, 0x0000000708d00000|  0%| F|  |TS  0|AC  0|TAMS 0x0000000708c00000, 0x0000000708c00000|
| 141|0x0000000708d00000, 0x0000000708d00000, 0x0000000708e00000|  0%| F|  |TS  0|AC  0|TAMS 0x0000000708d00000, 0x0000000708d00000|
| 142|0x0000000708e00000, 0x0000000708e00000, 0x0000000708f00000|  0%| F|  |TS  0|AC  0|TAMS 0x0000000708e00000, 0x0000000708e00000|
| 143|0x0000000708f00000, 0x0000000708f00000, 0x0000000709000000|  0%| F|  |TS  0|AC  0|TAMS 0x0000000708f00000, 0x0000000708f00000|
| 144|0x0000000709000000, 0x0000000709000000, 0x0000000709100000|  0%| F|  |TS  0|AC  0|TAMS 0x0000000709000000, 0x0000000709000000|
| 145|0x0000000709100000, 0x0000000709100000, 0x0000000709200000|  0%| F|  |TS  0|AC  0|TAMS 0x0000000709100000, 0x0000000709100000|
| 146|0x0000000709200000, 0x0000000709200000, 0x0000000709300000|  0%| F|  |TS  0|AC  0|TAMS 0x0000000709200000, 0x0000000709200000|
| 147|0x0000000709300000, 0x0000000709300000, 0x0000000709400000|  0%| F|  |TS  0|AC  0|TAMS 0x0000000709300000, 0x0000000709300000|
| 148|0x0000000709400000, 0x0000000709400000, 0x0000000709500000|  0%| F|  |TS  0|AC  0|TAMS 0x0000000709400000, 0x0000000709400000|
| 149|0x0000000709500000, 0x0000000709500000, 0x0000000709600000|  0%| F|  |TS  0|AC  0|TAMS 0x0000000709500000, 0x0000000709500000|
| 150|0x0000000709600000, 0x0000000709600000, 0x0000000709700000|  0%| F|  |TS  0|AC  0|TAMS 0x0000000709600000, 0x0000000709600000|
| 151|0x0000000709700000, 0x0000000709700000, 0x0000000709800000|  0%| F|  |TS  0|AC  0|TAMS 0x0000000709700000, 0x0000000709700000|
| 152|0x0000000709800000, 0x0000000709800000, 0x0000000709900000|  0%| F|  |TS  0|AC  0|TAMS 0x0000000709800000, 0x0000000709800000|
| 153|0x0000000709900000, 0x0000000709900000, 0x0000000709a00000|  0%| F|  |TS  0|AC  0|TAMS 0x0000000709900000, 0x0000000709900000|
| 154|0x0000000709a00000, 0x0000000709a00000, 0x0000000709b00000|  0%| F|  |TS  0|AC  0|TAMS 0x0000000709a00000, 0x0000000709a00000|
| 155|0x0000000709b00000, 0x0000000709b00000, 0x0000000709c00000|  0%| F|  |TS  0|AC  0|TAMS 0x0000000709b00000, 0x0000000709b00000|
| 156|0x0000000709c00000, 0x0000000709c00000, 0x0000000709d00000|  0%| F|  |TS  0|AC  0|TAMS 0x0000000709c00000, 0x0000000709c00000|
| 157|0x0000000709d00000, 0x0000000709d00000, 0x0000000709e00000|  0%| F|  |TS  0|AC  0|TAMS 0x0000000709d00000, 0x0000000709d00000|
| 158|0x0000000709e00000, 0x0000000709e00000, 0x0000000709f00000|  0%| F|  |TS  0|AC  0|TAMS 0x0000000709e00000, 0x0000000709e00000|
| 159|0x0000000709f00000, 0x0000000709f00000, 0x000000070a000000|  0%| F|  |TS  0|AC  0|TAMS 0x0000000709f00000, 0x0000000709f00000|
| 160|0x000000070a000000, 0x000000070a000000, 0x000000070a100000|  0%| F|  |TS  0|AC  0|TAMS 0x000000070a000000, 0x000000070a000000|
| 161|0x000000070a100000, 0x000000070a200000, 0x000000070a200000|100%|HS|  |TS  0|AC  0|TAMS 0x000000070a100000, 0x000000070a100000|
| 162|0x000000070a200000, 0x000000070a300000, 0x000000070a300000|100%|HC|  |TS  0|AC  0|TAMS 0x000000070a200000, 0x000000070a200000|
| 163|0x000000070a300000, 0x000000070a400000, 0x000000070a400000|100%|HC|  |TS  0|AC  0|TAMS 0x000000070a300000, 0x000000070a300000|
| 164|0x000000070a400000, 0x000000070a500000, 0x000000070a500000|100%|HC|  |TS  0|AC  0|TAMS 0x000000070a400000, 0x000000070a400000|
| 165|0x000000070a500000, 0x000000070a600000, 0x000000070a600000|100%|HC|  |TS  0|AC  0|TAMS 0x000000070a500000, 0x000000070a500000|
| 166|0x000000070a600000, 0x000000070a700000, 0x000000070a700000|100%|HC|  |TS  0|AC  0|TAMS 0x000000070a600000, 0x000000070a600000|
| 167|0x000000070a700000, 0x000000070a800000, 0x000000070a800000|100%|HC|  |TS  0|AC  0|TAMS 0x000000070a700000, 0x000000070a700000|
| 168|0x000000070a800000, 0x000000070a900000, 0x000000070a900000|100%|HC|  |TS  0|AC  0|TAMS 0x000000070a800000, 0x000000070a800000|
| 169|0x000000070a900000, 0x000000070a900000, 0x000000070aa00000|  0%| F|  |TS  0|AC  0|TAMS 0x000000070a900000, 0x000000070a900000|
| 170|0x000000070aa00000, 0x000000070aa00000, 0x000000070ab00000|  0%| F|  |TS  0|AC  0|TAMS 0x000000070aa00000, 0x000000070aa00000|
| 171|0x000000070ab00000, 0x000000070ab00000, 0x000000070ac00000|  0%| F|  |TS  0|AC  0|TAMS 0x000000070ab00000, 0x000000070ab00000|
| 172|0x000000070ac00000, 0x000000070ac00000, 0x000000070ad00000|  0%| F|  |TS  0|AC  0|TAMS 0x000000070ac00000, 0x000000070ac00000|
| 173|0x000000070ad00000, 0x000000070ad00000, 0x000000070ae00000|  0%| F|  |TS  0|AC  0|TAMS 0x000000070ad00000, 0x000000070ad00000|
| 174|0x000000070ae00000, 0x000000070ae00000, 0x000000070af00000|  0%| F|  |TS  0|AC  0|TAMS 0x000000070ae00000, 0x000000070ae00000|
| 175|0x000000070af00000, 0x000000070af00000, 0x000000070b000000|  0%| F|  |TS  0|AC  0|TAMS 0x000000070af00000, 0x000000070af00000|
| 176|0x000000070b000000, 0x000000070b000000, 0x000000070b100000|  0%| F|  |TS  0|AC  0|TAMS 0x000000070b000000, 0x000000070b000000|
| 177|0x000000070b100000, 0x000000070b100000, 0x000000070b200000|  0%| F|  |TS  0|AC  0|TAMS 0x000000070b100000, 0x000000070b100000|
| 178|0x000000070b200000, 0x000000070b200000, 0x000000070b300000|  0%| F|  |TS  0|AC  0|TAMS 0x000000070b200000, 0x000000070b200000|
| 179|0x000000070b300000, 0x000000070b300000, 0x000000070b400000|  0%| F|  |TS  0|AC  0|TAMS 0x000000070b300000, 0x000000070b300000|
| 180|0x000000070b400000, 0x000000070b400000, 0x000000070b500000|  0%| F|  |TS  0|AC  0|TAMS 0x000000070b400000, 0x000000070b400000|
| 181|0x000000070b500000, 0x000000070b500000, 0x000000070b600000|  0%| F|  |TS  0|AC  0|TAMS 0x000000070b500000, 0x000000070b500000|
| 182|0x000000070b600000, 0x000000070b600000, 0x000000070b700000|  0%| F|  |TS  0|AC  0|TAMS 0x000000070b600000, 0x000000070b600000|
| 183|0x000000070b700000, 0x000000070b700000, 0x000000070b800000|  0%| F|  |TS  0|AC  0|TAMS 0x000000070b700000, 0x000000070b700000|
| 184|0x000000070b800000, 0x000000070b800000, 0x000000070b900000|  0%| F|  |TS  0|AC  0|TAMS 0x000000070b800000, 0x000000070b800000|
| 185|0x000000070b900000, 0x000000070b900000, 0x000000070ba00000|  0%| F|  |TS  0|AC  0|TAMS 0x000000070b900000, 0x000000070b900000|
| 186|0x000000070ba00000, 0x000000070ba00000, 0x000000070bb00000|  0%| F|  |TS  0|AC  0|TAMS 0x000000070ba00000, 0x000000070ba00000|
| 187|0x000000070bb00000, 0x000000070bb00000, 0x000000070bc00000|  0%| F|  |TS  0|AC  0|TAMS 0x000000070bb00000, 0x000000070bb00000|
| 188|0x000000070bc00000, 0x000000070bc00000, 0x000000070bd00000|  0%| F|  |TS  0|AC  0|TAMS 0x000000070bc00000, 0x000000070bc00000|
| 189|0x000000070bd00000, 0x000000070bd00000, 0x000000070be00000|  0%| F|  |TS  0|AC  0|TAMS 0x000000070bd00000, 0x000000070bd00000|
| 190|0x000000070be00000, 0x000000070be00000, 0x000000070bf00000|  0%| F|  |TS  0|AC  0|TAMS 0x000000070be00000, 0x000000070be00000|
| 191|0x000000070bf00000, 0x000000070bf00000, 0x000000070c000000|  0%| F|  |TS  0|AC  0|TAMS 0x000000070bf00000, 0x000000070bf00000|
| 192|0x000000070c000000, 0x000000070c000000, 0x000000070c100000|  0%| F|  |TS  0|AC  0|TAMS 0x000000070c000000, 0x000000070c000000|
| 193|0x000000070c100000, 0x000000070c100000, 0x000000070c200000|  0%| F|  |TS  0|AC  0|TAMS 0x000000070c100000, 0x000000070c100000|
| 194|0x000000070c200000, 0x000000070c200000, 0x000000070c300000|  0%| F|  |TS  0|AC  0|TAMS 0x000000070c200000, 0x000000070c200000|
| 195|0x000000070c300000, 0x000000070c300000, 0x000000070c400000|  0%| F|  |TS  0|AC  0|TAMS 0x000000070c300000, 0x000000070c300000|
| 196|0x000000070c400000, 0x000000070c400000, 0x000000070c500000|  0%| F|  |TS  0|AC  0|TAMS 0x000000070c400000, 0x000000070c400000|
| 197|0x000000070c500000, 0x000000070c500000, 0x000000070c600000|  0%| F|  |TS  0|AC  0|TAMS 0x000000070c500000, 0x000000070c500000|
| 198|0x000000070c600000, 0x000000070c600000, 0x000000070c700000|  0%| F|  |TS  0|AC  0|TAMS 0x000000070c600000, 0x000000070c600000|
| 199|0x000000070c700000, 0x000000070c700000, 0x000000070c800000|  0%| F|  |TS  0|AC  0|TAMS 0x000000070c700000, 0x000000070c700000|
| 200|0x000000070c800000, 0x000000070c800000, 0x000000070c900000|  0%| F|  |TS  0|AC  0|TAMS 0x000000070c800000, 0x000000070c800000|
| 201|0x000000070c900000, 0x000000070c900000, 0x000000070ca00000|  0%| F|  |TS  0|AC  0|TAMS 0x000000070c900000, 0x000000070c900000|
| 202|0x000000070ca00000, 0x000000070ca00000, 0x000000070cb00000|  0%| F|  |TS  0|AC  0|TAMS 0x000000070ca00000, 0x000000070ca00000|
| 203|0x000000070cb00000, 0x000000070cb00000, 0x000000070cc00000|  0%| F|  |TS  0|AC  0|TAMS 0x000000070cb00000, 0x000000070cb00000|
| 204|0x000000070cc00000, 0x000000070cc00000, 0x000000070cd00000|  0%| F|  |TS  0|AC  0|TAMS 0x000000070cc00000, 0x000000070cc00000|
| 205|0x000000070cd00000, 0x000000070cd00000, 0x000000070ce00000|  0%| F|  |TS  0|AC  0|TAMS 0x000000070cd00000, 0x000000070cd00000|
| 206|0x000000070ce00000, 0x000000070ce00000, 0x000000070cf00000|  0%| F|  |TS  0|AC  0|TAMS 0x000000070ce00000, 0x000000070ce00000|
| 207|0x000000070cf00000, 0x000000070cf00000, 0x000000070d000000|  0%| F|  |TS  0|AC  0|TAMS 0x000000070cf00000, 0x000000070cf00000|
| 208|0x000000070d000000, 0x000000070d000000, 0x000000070d100000|  0%| F|  |TS  0|AC  0|TAMS 0x000000070d000000, 0x000000070d000000|
| 209|0x000000070d100000, 0x000000070d100000, 0x000000070d200000|  0%| F|  |TS  0|AC  0|TAMS 0x000000070d100000, 0x000000070d100000|
| 210|0x000000070d200000, 0x000000070d200000, 0x000000070d300000|  0%| F|  |TS  0|AC  0|TAMS 0x000000070d200000, 0x000000070d200000|
| 211|0x000000070d300000, 0x000000070d300000, 0x000000070d400000|  0%| F|  |TS  0|AC  0|TAMS 0x000000070d300000, 0x000000070d300000|
| 212|0x000000070d400000, 0x000000070d400000, 0x000000070d500000|  0%| F|  |TS  0|AC  0|TAMS 0x000000070d400000, 0x000000070d400000|
| 213|0x000000070d500000, 0x000000070d500000, 0x000000070d600000|  0%| F|  |TS  0|AC  0|TAMS 0x000000070d500000, 0x000000070d500000|
| 214|0x000000070d600000, 0x000000070d600000, 0x000000070d700000|  0%| F|  |TS  0|AC  0|TAMS 0x000000070d600000, 0x000000070d600000|
| 215|0x000000070d700000, 0x000000070d700000, 0x000000070d800000|  0%| F|  |TS  0|AC  0|TAMS 0x000000070d700000, 0x000000070d700000|
| 216|0x000000070d800000, 0x000000070d800000, 0x000000070d900000|  0%| F|  |TS  0|AC  0|TAMS 0x000000070d800000, 0x000000070d800000|
| 217|0x000000070d900000, 0x000000070d900000, 0x000000070da00000|  0%| F|  |TS  0|AC  0|TAMS 0x000000070d900000, 0x000000070d900000|
| 218|0x000000070da00000, 0x000000070da00000, 0x000000070db00000|  0%| F|  |TS  0|AC  0|TAMS 0x000000070da00000, 0x000000070da00000|
| 219|0x000000070db00000, 0x000000070db00000, 0x000000070dc00000|  0%| F|  |TS  0|AC  0|TAMS 0x000000070db00000, 0x000000070db00000|
| 220|0x000000070dc00000, 0x000000070dc00000, 0x000000070dd00000|  0%| F|  |TS  0|AC  0|TAMS 0x000000070dc00000, 0x000000070dc00000|
| 221|0x000000070dd00000, 0x000000070dd00000, 0x000000070de00000|  0%| F|  |TS  0|AC  0|TAMS 0x000000070dd00000, 0x000000070dd00000|
| 222|0x000000070de00000, 0x000000070deaab40, 0x000000070df00000| 66%| S|CS|TS  5|AC  0|TAMS 0x000000070de00000, 0x000000070de00000|
| 223|0x000000070df00000, 0x000000070df00000, 0x000000070e000000|  0%| F|  |TS  5|AC  0|TAMS 0x000000070df00000, 0x000000070df00000|
| 224|0x000000070e000000, 0x000000070e000000, 0x000000070e100000|  0%| F|  |TS  5|AC  0|TAMS 0x000000070e000000, 0x000000070e000000|
| 225|0x000000070e100000, 0x000000070e100000, 0x000000070e200000|  0%| F|  |TS  5|AC  0|TAMS 0x000000070e100000, 0x000000070e100000|
| 226|0x000000070e200000, 0x000000070e200000, 0x000000070e300000|  0%| F|  |TS  5|AC  0|TAMS 0x000000070e200000, 0x000000070e200000|
| 227|0x000000070e300000, 0x000000070e300000, 0x000000070e400000|  0%| F|  |TS  5|AC  0|TAMS 0x000000070e300000, 0x000000070e300000|
| 228|0x000000070e400000, 0x000000070e400000, 0x000000070e500000|  0%| F|  |TS  5|AC  0|TAMS 0x000000070e400000, 0x000000070e400000|
| 229|0x000000070e500000, 0x000000070e500000, 0x000000070e600000|  0%| F|  |TS  5|AC  0|TAMS 0x000000070e500000, 0x000000070e500000|
| 230|0x000000070e600000, 0x000000070e600000, 0x000000070e700000|  0%| F|  |TS  5|AC  0|TAMS 0x000000070e600000, 0x000000070e600000|
| 231|0x000000070e700000, 0x000000070e700000, 0x000000070e800000|  0%| F|  |TS  5|AC  0|TAMS 0x000000070e700000, 0x000000070e700000|
| 232|0x000000070e800000, 0x000000070e800000, 0x000000070e900000|  0%| F|  |TS  5|AC  0|TAMS 0x000000070e800000, 0x000000070e800000|
| 233|0x000000070e900000, 0x000000070e900000, 0x000000070ea00000|  0%| F|  |TS  5|AC  0|TAMS 0x000000070e900000, 0x000000070e900000|
| 234|0x000000070ea00000, 0x000000070ea00000, 0x000000070eb00000|  0%| F|  |TS  5|AC  0|TAMS 0x000000070ea00000, 0x000000070ea00000|
| 235|0x000000070eb00000, 0x000000070eb00000, 0x000000070ec00000|  0%| F|  |TS  5|AC  0|TAMS 0x000000070eb00000, 0x000000070eb00000|
| 236|0x000000070ec00000, 0x000000070ec00000, 0x000000070ed00000|  0%| F|  |TS  5|AC  0|TAMS 0x000000070ec00000, 0x000000070ec00000|
| 237|0x000000070ed00000, 0x000000070ed00000, 0x000000070ee00000|  0%| F|  |TS  5|AC  0|TAMS 0x000000070ed00000, 0x000000070ed00000|
| 238|0x000000070ee00000, 0x000000070ee00000, 0x000000070ef00000|  0%| F|  |TS  5|AC  0|TAMS 0x000000070ee00000, 0x000000070ee00000|
| 239|0x000000070ef00000, 0x000000070ef00000, 0x000000070f000000|  0%| F|  |TS  5|AC  0|TAMS 0x000000070ef00000, 0x000000070ef00000|
| 240|0x000000070f000000, 0x000000070f000000, 0x000000070f100000|  0%| F|  |TS  5|AC  0|TAMS 0x000000070f000000, 0x000000070f000000|
| 241|0x000000070f100000, 0x000000070f100000, 0x000000070f200000|  0%| F|  |TS  5|AC  0|TAMS 0x000000070f100000, 0x000000070f100000|
| 242|0x000000070f200000, 0x000000070f200000, 0x000000070f300000|  0%| F|  |TS  5|AC  0|TAMS 0x000000070f200000, 0x000000070f200000|
| 243|0x000000070f300000, 0x000000070f300000, 0x000000070f400000|  0%| F|  |TS  5|AC  0|TAMS 0x000000070f300000, 0x000000070f300000|
| 244|0x000000070f400000, 0x000000070f400000, 0x000000070f500000|  0%| F|  |TS  5|AC  0|TAMS 0x000000070f400000, 0x000000070f400000|
| 245|0x000000070f500000, 0x000000070f500000, 0x000000070f600000|  0%| F|  |TS  5|AC  0|TAMS 0x000000070f500000, 0x000000070f500000|
| 246|0x000000070f600000, 0x000000070f600000, 0x000000070f700000|  0%| F|  |TS  5|AC  0|TAMS 0x000000070f600000, 0x000000070f600000|
| 247|0x000000070f700000, 0x000000070f700000, 0x000000070f800000|  0%| F|  |TS  5|AC  0|TAMS 0x000000070f700000, 0x000000070f700000|
| 248|0x000000070f800000, 0x000000070f800000, 0x000000070f900000|  0%| F|  |TS  5|AC  0|TAMS 0x000000070f800000, 0x000000070f800000|
| 249|0x000000070f900000, 0x000000070f900000, 0x000000070fa00000|  0%| F|  |TS  5|AC  0|TAMS 0x000000070f900000, 0x000000070f900000|
| 250|0x000000070fa00000, 0x000000070fa00000, 0x000000070fb00000|  0%| F|  |TS  5|AC  0|TAMS 0x000000070fa00000, 0x000000070fa00000|
| 251|0x000000070fb00000, 0x000000070fb00000, 0x000000070fc00000|  0%| F|  |TS  5|AC  0|TAMS 0x000000070fb00000, 0x000000070fb00000|
| 252|0x000000070fc00000, 0x000000070fc00000, 0x000000070fd00000|  0%| F|  |TS  5|AC  0|TAMS 0x000000070fc00000, 0x000000070fc00000|
| 253|0x000000070fd00000, 0x000000070fd00000, 0x000000070fe00000|  0%| F|  |TS  5|AC  0|TAMS 0x000000070fd00000, 0x000000070fd00000|
| 254|0x000000070fe00000, 0x000000070fe00000, 0x000000070ff00000|  0%| F|  |TS  5|AC  0|TAMS 0x000000070fe00000, 0x000000070fe00000|
| 255|0x000000070ff00000, 0x000000070ff00000, 0x0000000710000000|  0%| F|  |TS  5|AC  0|TAMS 0x000000070ff00000, 0x000000070ff00000|
| 256|0x0000000710000000, 0x0000000710000000, 0x0000000710100000|  0%| F|  |TS  5|AC  0|TAMS 0x0000000710000000, 0x0000000710000000|
| 257|0x0000000710100000, 0x0000000710100000, 0x0000000710200000|  0%| F|  |TS  5|AC  0|TAMS 0x0000000710100000, 0x0000000710100000|
| 258|0x0000000710200000, 0x0000000710200000, 0x0000000710300000|  0%| F|  |TS  5|AC  0|TAMS 0x0000000710200000, 0x0000000710200000|
| 259|0x0000000710300000, 0x0000000710300000, 0x0000000710400000|  0%| F|  |TS  5|AC  0|TAMS 0x0000000710300000, 0x0000000710300000|
| 260|0x0000000710400000, 0x0000000710400000, 0x0000000710500000|  0%| F|  |TS  5|AC  0|TAMS 0x0000000710400000, 0x0000000710400000|
| 261|0x0000000710500000, 0x0000000710500000, 0x0000000710600000|  0%| F|  |TS  5|AC  0|TAMS 0x0000000710500000, 0x0000000710500000|
| 262|0x0000000710600000, 0x0000000710600000, 0x0000000710700000|  0%| F|  |TS  5|AC  0|TAMS 0x0000000710600000, 0x0000000710600000|
| 263|0x0000000710700000, 0x0000000710700000, 0x0000000710800000|  0%| F|  |TS  5|AC  0|TAMS 0x0000000710700000, 0x0000000710700000|
| 264|0x0000000710800000, 0x0000000710800000, 0x0000000710900000|  0%| F|  |TS  5|AC  0|TAMS 0x0000000710800000, 0x0000000710800000|
| 265|0x0000000710900000, 0x0000000710900000, 0x0000000710a00000|  0%| F|  |TS  5|AC  0|TAMS 0x0000000710900000, 0x0000000710900000|
| 266|0x0000000710a00000, 0x0000000710a00000, 0x0000000710b00000|  0%| F|  |TS  5|AC  0|TAMS 0x0000000710a00000, 0x0000000710a00000|
| 267|0x0000000710b00000, 0x0000000710b00000, 0x0000000710c00000|  0%| F|  |TS  5|AC  0|TAMS 0x0000000710b00000, 0x0000000710b00000|
| 268|0x0000000710c00000, 0x0000000710c00000, 0x0000000710d00000|  0%| F|  |TS  5|AC  0|TAMS 0x0000000710c00000, 0x0000000710c00000|
| 269|0x0000000710d00000, 0x0000000710d00000, 0x0000000710e00000|  0%| F|  |TS  5|AC  0|TAMS 0x0000000710d00000, 0x0000000710d00000|
| 270|0x0000000710e00000, 0x0000000710e00000, 0x0000000710f00000|  0%| F|  |TS  5|AC  0|TAMS 0x0000000710e00000, 0x0000000710e00000|
| 271|0x0000000710f00000, 0x0000000710f00000, 0x0000000711000000|  0%| F|  |TS  5|AC  0|TAMS 0x0000000710f00000, 0x0000000710f00000|
| 272|0x0000000711000000, 0x0000000711000000, 0x0000000711100000|  0%| F|  |TS  5|AC  0|TAMS 0x0000000711000000, 0x0000000711000000|
| 273|0x0000000711100000, 0x00000007111357d0, 0x0000000711200000| 20%| E|  |TS  5|AC  0|TAMS 0x0000000711100000, 0x0000000711100000|
| 274|0x0000000711200000, 0x0000000711300000, 0x0000000711300000|100%| E|CS|TS  5|AC  0|TAMS 0x0000000711200000, 0x0000000711200000|
| 275|0x0000000711300000, 0x0000000711400000, 0x0000000711400000|100%| E|CS|TS  5|AC  0|TAMS 0x0000000711300000, 0x0000000711300000|
| 276|0x0000000711400000, 0x0000000711500000, 0x0000000711500000|100%| E|CS|TS  5|AC  0|TAMS 0x0000000711400000, 0x0000000711400000|
| 277|0x0000000711500000, 0x0000000711600000, 0x0000000711600000|100%| E|CS|TS  5|AC  0|TAMS 0x0000000711500000, 0x0000000711500000|
| 278|0x0000000711600000, 0x0000000711700000, 0x0000000711700000|100%| E|CS|TS  5|AC  0|TAMS 0x0000000711600000, 0x0000000711600000|
| 279|0x0000000711700000, 0x0000000711800000, 0x0000000711800000|100%| E|CS|TS  5|AC  0|TAMS 0x0000000711700000, 0x0000000711700000|
| 280|0x0000000711800000, 0x0000000711900000, 0x0000000711900000|100%| E|CS|TS  5|AC  0|TAMS 0x0000000711800000, 0x0000000711800000|
| 281|0x0000000711900000, 0x0000000711a00000, 0x0000000711a00000|100%| E|CS|TS  5|AC  0|TAMS 0x0000000711900000, 0x0000000711900000|
| 282|0x0000000711a00000, 0x0000000711b00000, 0x0000000711b00000|100%| E|CS|TS  5|AC  0|TAMS 0x0000000711a00000, 0x0000000711a00000|

Card table byte_map: [0x000000000f830000,0x000000000fe30000] byte_map_base: 0x000000000c030000

Marking Bits (Prev, Next): (CMBitMap*) 0x0000000008d53ce8, (CMBitMap*) 0x0000000008d53cb0
 Prev Bits: [0x000000002adc0000, 0x000000002ddc0000)
 Next Bits: [0x0000000027dc0000, 0x000000002adc0000)

Polling page: 0x0000000000120000

CodeHeap 'non-profiled nmethods': size=120000Kb used=21595Kb max_used=23085Kb free=98404Kb
 bounds [0x0000000020890000, 0x0000000021f40000, 0x0000000027dc0000]
CodeHeap 'profiled nmethods': size=120000Kb used=39596Kb max_used=46707Kb free=80403Kb
 bounds [0x0000000019360000, 0x000000001c140000, 0x0000000020890000]
CodeHeap 'non-nmethods': size=5760Kb used=1878Kb max_used=1937Kb free=3881Kb
 bounds [0x0000000018dc0000, 0x0000000019030000, 0x0000000019360000]
 total_blobs=36392 nmethods=17892 adapters=1271
 compilation: enabled

Compilation events (10 events):
Event: 13601.257 Thread 0x000000000d187000 nmethod 24654 0x0000000019847990 code [0x0000000019847d40, 0x000000001984a8b8]
Event: 13601.257 Thread 0x000000000d187000 24655   !   3       javax.swing.text.html.HTMLEditorKit$LinkController::doesElementContainLocation (136 bytes)
Event: 13601.257 Thread 0x000000000d187000 nmethod 24655 0x000000001975dd10 code [0x000000001975df80, 0x000000001975edd8]
Event: 13602.151 Thread 0x000000000a583000 24656   !   4       java.awt.KeyboardFocusManager::getGlobalFocusOwner (20 bytes)
Event: 13602.153 Thread 0x000000000a583000 nmethod 24656 0x00000000209e5e90 code [0x00000000209e6060, 0x00000000209e6468]
Event: 13602.249 Thread 0x000000000d187000 24657       3       java.awt.KeyboardFocusManager::getNativeFocusedWindow (10 bytes)
Event: 13602.249 Thread 0x000000000d187000 nmethod 24657 0x0000000019410590 code [0x0000000019410740, 0x0000000019410968]
Event: 13602.249 Thread 0x000000000d187000 24658       3       sun.awt.windows.WKeyboardFocusManagerPeer::getCurrentFocusedWindow (4 bytes)
Event: 13602.250 Thread 0x000000000d187000 nmethod 24658 0x0000000019417790 code [0x0000000019417940, 0x0000000019417ac8]
Event: 13602.251 Thread 0x000000000d187000 24659       3       java.awt.Component::isRecursivelyVisible (30 bytes)

GC Heap History (10 events):
Event: 12899.372 GC heap before
{Heap before GC invocations=417 (full 15):
 garbage-first heap   total 289792K, used 152803K [0x0000000700000000, 0x00000007001008d8, 0x00000007c0000000)
  region size 1024K, 60 young (61440K), 1 survivors (1024K)
 Metaspace       used 97795K, capacity 100840K, committed 104112K, reserved 1138688K
  class space    used 14557K, capacity 15146K, committed 15792K, reserved 1048576K
}
Event: 12899.378 GC heap after
{Heap after GC invocations=418 (full 15):
 garbage-first heap   total 289792K, used 92439K [0x0000000700000000, 0x00000007001008d8, 0x00000007c0000000)
  region size 1024K, 1 young (1024K), 1 survivors (1024K)
 Metaspace       used 97795K, capacity 100840K, committed 104112K, reserved 1138688K
  class space    used 14557K, capacity 15146K, committed 15792K, reserved 1048576K
}
Event: 13066.618 GC heap before
{Heap before GC invocations=418 (full 15):
 garbage-first heap   total 289792K, used 142615K [0x0000000700000000, 0x00000007001008d8, 0x00000007c0000000)
  region size 1024K, 51 young (52224K), 1 survivors (1024K)
 Metaspace       used 97795K, capacity 100840K, committed 104112K, reserved 1138688K
  class space    used 14557K, capacity 15146K, committed 15792K, reserved 1048576K
}
Event: 13066.869 GC heap after
{Heap after GC invocations=419 (full 16):
 garbage-first heap   total 289792K, used 91565K [0x0000000700000000, 0x00000007001008d8, 0x00000007c0000000)
  region size 1024K, 0 young (0K), 0 survivors (0K)
 Metaspace       used 97795K, capacity 100840K, committed 104112K, reserved 1138688K
  class space    used 14557K, capacity 15146K, committed 15792K, reserved 1048576K
}
Event: 13269.861 GC heap before
{Heap before GC invocations=419 (full 16):
 garbage-first heap   total 289792K, used 153005K [0x0000000700000000, 0x00000007001008d8, 0x00000007c0000000)
  region size 1024K, 60 young (61440K), 0 survivors (0K)
 Metaspace       used 97795K, capacity 100840K, committed 104112K, reserved 1138688K
  class space    used 14557K, capacity 15146K, committed 15792K, reserved 1048576K
}
Event: 13269.865 GC heap after
{Heap after GC invocations=420 (full 16):
 garbage-first heap   total 289792K, used 92200K [0x0000000700000000, 0x00000007001008d8, 0x00000007c0000000)
  region size 1024K, 1 young (1024K), 1 survivors (1024K)
 Metaspace       used 97795K, capacity 100840K, committed 104112K, reserved 1138688K
  class space    used 14557K, capacity 15146K, committed 15792K, reserved 1048576K
}
Event: 13469.872 GC heap before
{Heap before GC invocations=420 (full 16):
 garbage-first heap   total 289792K, used 152616K [0x0000000700000000, 0x00000007001008d8, 0x00000007c0000000)
  region size 1024K, 60 young (61440K), 1 survivors (1024K)
 Metaspace       used 97795K, capacity 100840K, committed 104112K, reserved 1138688K
  class space    used 14557K, capacity 15146K, committed 15792K, reserved 1048576K
}
Event: 13469.878 GC heap after
{Heap after GC invocations=421 (full 16):
 garbage-first heap   total 289792K, used 92324K [0x0000000700000000, 0x00000007001008d8, 0x00000007c0000000)
  region size 1024K, 1 young (1024K), 1 survivors (1024K)
 Metaspace       used 97795K, capacity 100840K, committed 104112K, reserved 1138688K
  class space    used 14557K, capacity 15146K, committed 15792K, reserved 1048576K
}
Event: 13598.227 GC heap before
{Heap before GC invocations=421 (full 16):
 garbage-first heap   total 289792K, used 152740K [0x0000000700000000, 0x00000007001008d8, 0x00000007c0000000)
  region size 1024K, 60 young (61440K), 1 survivors (1024K)
 Metaspace       used 97798K, capacity 100840K, committed 104112K, reserved 1138688K
  class space    used 14557K, capacity 15146K, committed 15792K, reserved 1048576K
}
Event: 13598.230 GC heap after
{Heap after GC invocations=422 (full 16):
 garbage-first heap   total 289792K, used 92248K [0x0000000700000000, 0x00000007001008d8, 0x00000007c0000000)
  region size 1024K, 1 young (1024K), 1 survivors (1024K)
 Metaspace       used 97798K, capacity 100840K, committed 104112K, reserved 1138688K
  class space    used 14557K, capacity 15146K, committed 15792K, reserved 1048576K
}

Deoptimization events (10 events):
Event: 10869.704 Thread 0x0000000034e6f800 Uncommon trap: reason=unstable_if action=reinterpret pc=0x0000000021762ff4 method=ui.frmwork.d.c.isError()Z @ 10 c2
Event: 10869.709 Thread 0x0000000034e6f800 Uncommon trap: reason=unstable_if action=reinterpret pc=0x0000000021776c08 method=ui.views.x.b.e.fLC()Lui/views/x/b/al; @ 54 c2
Event: 10869.709 Thread 0x0000000034e6f800 Uncommon trap: reason=unstable_if action=reinterpret pc=0x0000000021776c08 method=ui.views.x.b.e.fLC()Lui/views/x/b/al; @ 54 c2
Event: 13592.935 Thread 0x0000000007cc9000 Uncommon trap: reason=unstable_if action=reinterpret pc=0x0000000021494714 method=sun.awt.windows.WWindowPeer.preprocessPostEvent(Ljava/awt/AWTEvent;)V @ 4 c2
Event: 13592.935 Thread 0x0000000034e6f800 Uncommon trap: reason=unstable_if action=reinterpret pc=0x0000000021e88ee0 method=java.awt.ModalEventFilter.acceptEvent(Ljava/awt/AWTEvent;)Ljava/awt/EventFilter$FilterAction; @ 58 c2
Event: 13598.241 Thread 0x0000000034e6f800 Uncommon trap: reason=unstable_if action=reinterpret pc=0x0000000021110f3c method=ui.b.c.bx.cHM()V @ 43 c2
Event: 13600.465 Thread 0x0000000034e6f800 Uncommon trap: reason=bimorphic_or_optimized_type_check action=maybe_recompile pc=0x00000000214399ac method=javax.swing.text.html.parser.DocumentParser.handleText([C)V @ 61 c2
Event: 13600.465 Thread 0x0000000034e6f800 Uncommon trap: reason=bimorphic_or_optimized_type_check action=maybe_recompile pc=0x00000000214399ac method=javax.swing.text.html.parser.DocumentParser.handleText([C)V @ 61 c2
Event: 13600.465 Thread 0x0000000034e6f800 Uncommon trap: reason=bimorphic_or_optimized_type_check action=maybe_recompile pc=0x00000000214399ac method=javax.swing.text.html.parser.DocumentParser.handleText([C)V @ 61 c2
Event: 13600.465 Thread 0x0000000034e6f800 Uncommon trap: reason=bimorphic_or_optimized_type_check action=maybe_recompile pc=0x00000000213a317c method=javax.swing.text.html.parser.DocumentParser.parse(Ljava/io/Reader;Ljavax/swing/text/html/HTMLEditorKit$ParserCallback;Z)V @ 20 c2

Classes redefined (0 events):
No events

Internal exceptions (10 events):
Event: 10476.255 Thread 0x0000000034e6f800 Exception <a 'java/lang/NoSuchMethodError'{0x000000070faae738}: java.lang.invoke.DirectMethodHandle$Holder.invokeSpecial(Ljava/lang/Object;Ljava/lang/Object;IIILjava/lang/Object;Ljava/lang/Object;ILjava/lang/Object;II)Ljava/lang/Object;> (0x000000070faae7
Event: 10476.255 Thread 0x0000000034e6f800 Exception <a 'java/lang/NoSuchMethodError'{0x000000070fab2448}: java.lang.invoke.DelegatingMethodHandle$Holder.reinvoke_L(Ljava/lang/Object;IIILjava/lang/Object;Ljava/lang/Object;ILjava/lang/Object;II)Ljava/lang/Object;> (0x000000070fab2448) thrown at [t:
Event: 10476.256 Thread 0x0000000034e6f800 Exception <a 'java/lang/NoSuchMethodError'{0x000000070fad08f0}: method resolution failed> (0x000000070fad08f0) thrown at [t:/workspace/hotspot/src/share/vm/prims/methodHandles.cpp, line 1256]
Event: 10515.892 Thread 0x0000000034e6f800 Exception <a 'java/lang/NoSuchMethodError'{0x000000070f0ed2d0}: java.lang.invoke.DelegatingMethodHandle$Holder.reinvoke_L(Ljava/lang/Object;IIILjava/lang/Object;Ljava/lang/Object;I)Ljava/lang/Object;> (0x000000070f0ed2d0) thrown at [t:/workspace/hotspot/s
Event: 10546.794 Thread 0x0000000034e6f800 Exception <a 'java/lang/NoSuchMethodError'{0x000000070e8208b0}: java.lang.invoke.DirectMethodHandle$Holder.invokeSpecial(Ljava/lang/Object;Ljava/lang/Object;IIILjava/lang/Object;Ljava/lang/Object;ILjava/lang/Object;I)Ljava/lang/Object;> (0x000000070e8208b
Event: 10546.794 Thread 0x0000000034e6f800 Exception <a 'java/lang/NoSuchMethodError'{0x000000070e8244d8}: java.lang.invoke.DelegatingMethodHandle$Holder.reinvoke_L(Ljava/lang/Object;IIILjava/lang/Object;Ljava/lang/Object;ILjava/lang/Object;I)Ljava/lang/Object;> (0x000000070e8244d8) thrown at [t:/
Event: 10546.797 Thread 0x0000000034e6f800 Exception <a 'java/lang/NoSuchMethodError'{0x000000070e87dc50}: method resolution failed> (0x000000070e87dc50) thrown at [t:/workspace/hotspot/src/share/vm/prims/methodHandles.cpp, line 1256]
Event: 10546.797 Thread 0x0000000034e6f800 Exception <a 'java/lang/NoSuchMethodError'{0x000000070e881988}: java.lang.invoke.DelegatingMethodHandle$Holder.reinvoke_L(Ljava/lang/Object;Ljava/lang/Object;Ljava/lang/Object;ILjava/lang/Object;I)Ljava/lang/Object;> (0x000000070e881988) thrown at [t:/wor
Event: 10868.245 Thread 0x000000004ae56000 Implicit null exception at 0x0000000020c85a6d to 0x0000000020c8610d
Event: 10869.708 Thread 0x0000000034e6f800 Exception <a 'java/lang/NoSuchMethodError'{0x000000070f0440b8}: java.lang.invoke.DelegatingMethodHandle$Holder.reinvoke_L(Ljava/lang/Object;IILjava/lang/Object;ILjava/lang/Object;Ljava/lang/Object;)Ljava/lang/Object;> (0x000000070f0440b8) thrown at [t:/wo

Events (10 events):
Event: 13600.465 Thread 0x0000000034e6f800 DEOPT UNPACKING pc=0x0000000018e0df21 sp=0x000000003758b490 mode 2
Event: 13600.465 Thread 0x0000000034e6f800 Uncommon trap: trap_request=0xffffffc6 fr.pc=0x00000000214399ac relative=0x00000000000021ec
Event: 13600.465 Thread 0x0000000034e6f800 DEOPT PACKING pc=0x00000000214399ac sp=0x000000003758b670
Event: 13600.465 Thread 0x0000000034e6f800 DEOPT UNPACKING pc=0x0000000018e0df21 sp=0x000000003758b600 mode 2
Event: 13600.465 Thread 0x0000000034e6f800 Uncommon trap: trap_request=0xffffffc6 fr.pc=0x00000000213a317c relative=0x0000000000000cdc
Event: 13600.465 Thread 0x0000000034e6f800 DEOPT PACKING pc=0x00000000213a317c sp=0x000000003758b780
Event: 13600.465 Thread 0x0000000034e6f800 DEOPT UNPACKING pc=0x0000000018e0df21 sp=0x000000003758b710 mode 2
Event: 13601.247 Thread 0x000000000d576800 flushing nmethod 0x000000001a334890
Event: 13601.877 Thread 0x000000008ef7c000 Thread added: 0x000000008ef7c000
Event: 13601.879 Thread 0x000000008ef7c000 Thread exited: 0x000000008ef7c000


Dynamic libraries:
0x000000013f9d0000 - 0x000000013fa00000 	G:\Xilinx\Vivado\2018.3\bin\unwrapped\win64.o\vivado.exe
0x0000000077960000 - 0x0000000077aff000 	C:\Windows\SYSTEM32\ntdll.dll
0x0000000077740000 - 0x000000007785f000 	C:\Windows\system32\kernel32.dll
0x000007fefd670000 - 0x000007fefd6d7000 	C:\Windows\system32\KERNELBASE.dll
0x000007fef9950000 - 0x000007fef9964000 	G:\Xilinx\Vivado\2018.3\lib\win64.o\libboost_signals.dll
0x000007fee3990000 - 0x000007fee3a2b000 	C:\Windows\system32\MSVCP140.dll
0x000007fee4d60000 - 0x000007fee4d75000 	C:\Windows\system32\VCRUNTIME140.dll
0x000007fef98f0000 - 0x000007fef98f4000 	C:\Windows\system32\api-ms-win-crt-runtime-l1-1-0.dll
0x000007fef96f0000 - 0x000007fef97e4000 	C:\Windows\system32\ucrtbase.DLL
0x000007fef95d0000 - 0x000007fef95d3000 	C:\Windows\system32\api-ms-win-core-timezone-l1-1-0.dll
0x000007fef95a0000 - 0x000007fef95a3000 	C:\Windows\system32\api-ms-win-core-file-l2-1-0.dll
0x000007fef93d0000 - 0x000007fef93d3000 	C:\Windows\system32\api-ms-win-core-localization-l1-2-0.dll
0x000007fefc510000 - 0x000007fefc513000 	C:\Windows\system32\api-ms-win-core-synch-l1-2-0.dll
0x000007fef9320000 - 0x000007fef9323000 	C:\Windows\system32\api-ms-win-core-processthreads-l1-1-1.dll
0x000007fef9290000 - 0x000007fef9293000 	C:\Windows\system32\api-ms-win-core-file-l1-2-0.dll
0x000007fef8d40000 - 0x000007fef8d43000 	C:\Windows\system32\api-ms-win-crt-heap-l1-1-0.dll
0x000007fef8f60000 - 0x000007fef8f64000 	C:\Windows\system32\api-ms-win-crt-string-l1-1-0.dll
0x000007fef8d30000 - 0x000007fef8d34000 	C:\Windows\system32\api-ms-win-crt-stdio-l1-1-0.dll
0x000007fef8d20000 - 0x000007fef8d24000 	C:\Windows\system32\api-ms-win-crt-convert-l1-1-0.dll
0x000007fef8d10000 - 0x000007fef8d13000 	C:\Windows\system32\api-ms-win-crt-locale-l1-1-0.dll
0x000007fef8d00000 - 0x000007fef8d05000 	C:\Windows\system32\api-ms-win-crt-math-l1-1-0.dll
0x000007fef8cd0000 - 0x000007fef8cd3000 	C:\Windows\system32\api-ms-win-crt-filesystem-l1-1-0.dll
0x000007fef8ce0000 - 0x000007fef8ce3000 	C:\Windows\system32\api-ms-win-crt-time-l1-1-0.dll
0x000007fef8cc0000 - 0x000007fef8cc3000 	C:\Windows\system32\api-ms-win-crt-environment-l1-1-0.dll
0x000007fef8cb0000 - 0x000007fef8cb3000 	C:\Windows\system32\api-ms-win-crt-utility-l1-1-0.dll
0x000007fec0780000 - 0x000007fec1614000 	G:\Xilinx\Vivado\2018.3\lib\win64.o\librdi_common.dll
0x000007fec25e0000 - 0x000007fec294e000 	G:\Xilinx\Vivado\2018.3\lib\win64.o\libCOIN-all.dll
0x000007fec2320000 - 0x000007fec25d5000 	G:\Xilinx\Vivado\2018.3\lib\win64.o\libXil_lmgr11.dll
0x0000000077860000 - 0x000000007795a000 	C:\Windows\system32\USER32.dll
0x000007feff880000 - 0x000007feff8e7000 	C:\Windows\system32\GDI32.dll
0x000007feffc20000 - 0x000007feffc2e000 	C:\Windows\system32\LPK.dll
0x000007feffaf0000 - 0x000007feffbbb000 	C:\Windows\system32\USP10.dll
0x000007feff8f0000 - 0x000007feff98f000 	C:\Windows\system32\msvcrt.dll
0x000007fefb390000 - 0x000007fefb3a6000 	C:\Windows\system32\NETAPI32.dll
0x000007fefb380000 - 0x000007fefb38c000 	C:\Windows\system32\netutils.dll
0x000007fefcf60000 - 0x000007fefcf83000 	C:\Windows\system32\srvcli.dll
0x000007feff640000 - 0x000007feff76c000 	C:\Windows\system32\RPCRT4.dll
0x000007fefb360000 - 0x000007fefb375000 	C:\Windows\system32\wkscli.dll
0x000007fefdeb0000 - 0x000007fefdf47000 	C:\Windows\system32\COMDLG32.dll
0x000007feff200000 - 0x000007feff271000 	C:\Windows\system32\SHLWAPI.dll
0x000007fedb3e0000 - 0x000007fedb480000 	C:\Windows\WinSxS\amd64_microsoft.windows.common-controls_6595b64144ccf1df_5.82.7601.18837_none_a4d981ff711297b6\COMCTL32.dll
0x000007feff770000 - 0x000007feff84b000 	C:\Windows\system32\ADVAPI32.dll
0x000007feffc30000 - 0x000007feffc4f000 	C:\Windows\SYSTEM32\sechost.dll
0x000007fefdf50000 - 0x000007fefecdb000 	C:\Windows\system32\SHELL32.dll
0x000007feec860000 - 0x000007feec869000 	C:\Windows\system32\WSOCK32.dll
0x000007fefed00000 - 0x000007fefed4d000 	C:\Windows\system32\WS2_32.dll
0x000007feff590000 - 0x000007feff598000 	C:\Windows\system32\NSI.dll
0x000007feffa10000 - 0x000007feffaeb000 	C:\Windows\system32\OLEAUT32.dll
0x000007feff390000 - 0x000007feff58f000 	C:\Windows\system32\ole32.dll
0x000007fefac70000 - 0x000007fefac88000 	C:\Windows\system32\dhcpcsvc.DLL
0x000007fef87e0000 - 0x000007fef87e3000 	C:\Windows\system32\api-ms-win-crt-conio-l1-1-0.dll
0x000007fefd5f0000 - 0x000007fefd62b000 	C:\Windows\system32\WINTRUST.dll
0x000007fefd6e0000 - 0x000007fefd84d000 	C:\Windows\system32\CRYPT32.dll
0x000007fefd4c0000 - 0x000007fefd4cf000 	C:\Windows\system32\MSASN1.dll
0x000007fef8f40000 - 0x000007fef8f54000 	G:\Xilinx\Vivado\2018.3\lib\win64.o\libboost_date_time.dll
0x000007fee3960000 - 0x000007fee3986000 	G:\Xilinx\Vivado\2018.3\lib\win64.o\libboost_filesystem.dll
0x000007fef9900000 - 0x000007fef990b000 	G:\Xilinx\Vivado\2018.3\lib\win64.o\libboost_system.dll
0x000007fee38e0000 - 0x000007fee395f000 	G:\Xilinx\Vivado\2018.3\lib\win64.o\libboost_program_options.dll
0x000007fec2200000 - 0x000007fec2314000 	G:\Xilinx\Vivado\2018.3\lib\win64.o\libboost_regex.dll
0x000007fee38a0000 - 0x000007fee38c1000 	G:\Xilinx\Vivado\2018.3\lib\win64.o\libboost_thread.dll
0x000007fef9590000 - 0x000007fef959d000 	G:\Xilinx\Vivado\2018.3\lib\win64.o\libboost_chrono.dll
0x000007fef93e0000 - 0x000007fef93ef000 	G:\Xilinx\Vivado\2018.3\lib\win64.o\libboost_xilinx.dll
0x000007fece5b0000 - 0x000007fece632000 	G:\Xilinx\Vivado\2018.3\lib\win64.o\libhdlpsolve.dll
0x000007fec3cb0000 - 0x000007fec3d55000 	G:\Xilinx\Vivado\2018.3\lib\win64.o\libhdxml.dll
0x000007febff30000 - 0x000007fec077e600 	G:\Xilinx\Vivado\2018.3\lib\win64.o\libisl_iostreams.dll
0x000007fee2ac0000 - 0x000007fee2adb000 	G:\Xilinx\Vivado\2018.3\lib\win64.o\libboost_iostreams.dll
0x000007fecf890000 - 0x000007fecf8b1000 	G:\Xilinx\Vivado\2018.3\lib\win64.o\librdizlib.dll
0x000007fecf3a0000 - 0x000007fecf3c5000 	G:\Xilinx\Vivado\2018.3\lib\win64.o\libisl_iosutils.dll
0x000007fece580000 - 0x000007fece5ae000 	G:\Xilinx\Vivado\2018.3\lib\win64.o\libisl_sysinfo.dll
0x000007fec2190000 - 0x000007fec21f5000 	G:\Xilinx\Vivado\2018.3\lib\win64.o\liblmx6.0.dll
0x000007fecf870000 - 0x000007fecf88a000 	G:\Xilinx\Vivado\2018.3\lib\win64.o\pthreadVC2.dll
0x000007fec2060000 - 0x000007fec2181000 	G:\Xilinx\Vivado\2018.3\lib\win64.o\librdi_commonxillic.dll
0x000007fec4790000 - 0x000007fec47ac000 	G:\Xilinx\Vivado\2018.3\lib\win64.o\librdiconfig.dll
0x000000006f1d0000 - 0x000000006f2fb000 	G:\Xilinx\Vivado\2018.3\lib\win64.o\tcl85t.dll
0x0000000012000000 - 0x0000000012272000 	G:\Xilinx\Vivado\2018.3\lib\win64.o\xerces-c_3_1.dll
0x000007fefed50000 - 0x000007feff1fc000 	C:\Windows\system32\WININET.dll
0x000007fefd660000 - 0x000007fefd664000 	C:\Windows\system32\api-ms-win-downlevel-user32-l1-1-0.dll
0x000007fefd860000 - 0x000007fefd864000 	C:\Windows\system32\api-ms-win-downlevel-shlwapi-l1-1-0.dll
0x000007fefd850000 - 0x000007fefd854000 	C:\Windows\system32\api-ms-win-downlevel-version-l1-1-0.dll
0x000007fefc590000 - 0x000007fefc59c000 	C:\Windows\system32\version.DLL
0x000007fefd630000 - 0x000007fefd633000 	C:\Windows\system32\api-ms-win-downlevel-normaliz-l1-1-0.dll
0x0000000077b00000 - 0x0000000077b03000 	C:\Windows\system32\normaliz.DLL
0x000007fefda00000 - 0x000007fefdccc000 	C:\Windows\system32\iertutil.dll
0x000007fefd5e0000 - 0x000007fefd5e5000 	C:\Windows\system32\api-ms-win-downlevel-advapi32-l1-1-0.dll
0x000007fefd640000 - 0x000007fefd65f000 	C:\Windows\system32\USERENV.dll
0x000007fefd4b0000 - 0x000007fefd4bf000 	C:\Windows\system32\profapi.dll
0x000007fef7110000 - 0x000007fef7181000 	C:\Windows\system32\WINHTTP.dll
0x000007fef70a0000 - 0x000007fef7105000 	C:\Windows\system32\webio.dll
0x000007fefd870000 - 0x000007fefd9fa000 	C:\Windows\system32\urlmon.dll
0x000007fefd5d0000 - 0x000007fefd5d4000 	C:\Windows\system32\api-ms-win-downlevel-ole32-l1-1-0.dll
0x000007febf090000 - 0x000007febff21000 	G:\Xilinx\Vivado\2018.3\lib\win64.o\gurobi65.dll
0x000007fec45a0000 - 0x000007fec45c7000 	C:\Windows\system32\VCOMP140.DLL
0x000007fec3c90000 - 0x000007fec3ca4000 	G:\Xilinx\Vivado\2018.3\lib\win64.o\librdi_commonmain.dll
0x000007fef93c0000 - 0x000007fef93ca000 	G:\Xilinx\Vivado\2018.3\lib\win64.o\librdi_commonversion.dll
0x000007feff850000 - 0x000007feff87e000 	C:\Windows\system32\IMM32.DLL
0x000007feff280000 - 0x000007feff38b000 	C:\Windows\system32\MSCTF.dll
0x000007febeb90000 - 0x000007febf085000 	G:\Xilinx\Vivado\2018.3\lib\win64.o\librdi_commontasks.dll
0x00000000536e0000 - 0x0000000054105000 	G:\Xilinx\Vivado\2018.3\tps\win64\jre9.0.4\bin\server\jvm.dll
0x000007fefa560000 - 0x000007fefa59b000 	C:\Windows\system32\WINMM.dll
0x0000000077b10000 - 0x0000000077b17000 	C:\Windows\system32\PSAPI.DLL
0x000007feee860000 - 0x000007feee94f000 	C:\Windows\system32\MSVCR120.dll
0x000007febe910000 - 0x000007febeb8f000 	G:\Xilinx\Vivado\2018.3\lib\win64.o\librdi_sio.dll
0x000007fefae10000 - 0x000007fefae37000 	C:\Windows\system32\IPHLPAPI.DLL
0x000007fefae00000 - 0x000007fefae0b000 	C:\Windows\system32\WINNSI.DLL
0x000007fefcc30000 - 0x000007fefcc85000 	C:\Windows\system32\MSWSOCK.DLL
0x000007febc540000 - 0x000007febe902000 	G:\Xilinx\Vivado\2018.3\lib\win64.o\librdi_tcltasks.dll
0x000007febc160000 - 0x000007febc53c000 	G:\Xilinx\Vivado\2018.3\lib\win64.o\librdi_bitstream.dll
0x000007feab400000 - 0x000007febc152000 	G:\Xilinx\Vivado\2018.3\lib\win64.o\librdi_device.dll
0x000007fec2010000 - 0x000007fec205c000 	G:\Xilinx\Vivado\2018.3\lib\win64.o\libboost_serialization.dll
0x000007feaa8b0000 - 0x000007feab3f7000 	G:\Xilinx\Vivado\2018.3\lib\win64.o\libverific.dll
0x000007feaa730000 - 0x000007feaa8ae000 	G:\Xilinx\Vivado\2018.3\lib\win64.o\librdi_board.dll
0x000007fec1fa0000 - 0x000007fec200a000 	G:\Xilinx\Vivado\2018.3\lib\win64.o\librdi_boarddep.dll
0x000007feaa650000 - 0x000007feaa72c000 	G:\Xilinx\Vivado\2018.3\lib\win64.o\librdi_chipscope.dll
0x000007feaa4f0000 - 0x000007feaa644000 	G:\Xilinx\Vivado\2018.3\lib\win64.o\librdi_advchipscopeimpl.dll
0x000007fea8be0000 - 0x000007feaa4e5000 	G:\Xilinx\Vivado\2018.3\lib\win64.o\librdi_constraints.dll
0x000007fea85a0000 - 0x000007fea8bdf000 	G:\Xilinx\Vivado\2018.3\lib\win64.o\librdi_filemgmt.dll
0x000007fea84e0000 - 0x000007fea8598000 	G:\Xilinx\Vivado\2018.3\lib\win64.o\librdi_hip_devdesign.dll
0x000007fec1ef0000 - 0x000007fec1f9b000 	G:\Xilinx\Vivado\2018.3\lib\win64.o\librdi_ipconfig_readwrite.dll
0x000007fea7ea0000 - 0x000007fea84db000 	G:\Xilinx\Vivado\2018.3\lib\win64.o\librdi_netlist.dll
0x000007fea7e10000 - 0x000007fea7e98000 	G:\Xilinx\Vivado\2018.3\lib\win64.o\librdi_meir_core.dll
0x000007fea7dd0000 - 0x000007fea7e08000 	G:\Xilinx\Vivado\2018.3\lib\win64.o\librdi_noc_frameworks.dll
0x000007fea7a10000 - 0x000007fea7dc5000 	G:\Xilinx\Vivado\2018.3\lib\win64.o\librdi_hip_config.dll
0x000007fea7870000 - 0x000007fea7a0d000 	G:\Xilinx\Vivado\2018.3\lib\win64.o\librdi_hip_noc_tools.dll
0x000007fea7170000 - 0x000007fea7863000 	G:\Xilinx\Vivado\2018.3\lib\win64.o\librdi_psta.dll
0x000007fea5350000 - 0x000007fea716f000 	G:\Xilinx\Vivado\2018.3\lib\win64.o\librdi_coregen.dll
0x000007fea4c70000 - 0x000007fea534a000 	G:\Xilinx\Vivado\2018.3\lib\win64.o\librdi_coregenipxact.dll
0x000007fea0e70000 - 0x000007fea4c6b000 	G:\Xilinx\Vivado\2018.3\lib\win64.o\librdi_designutils.dll
0x000007fea0920000 - 0x000007fea0e6e000 	G:\Xilinx\Vivado\2018.3\lib\win64.o\librdi_xdm.dll

VM Arguments:
jvm_args: -Dsun.java2d.pmoffscreen=false -Dsun.java2d.xrender=false -Dsun.java2d.d3d=false -Dsun.awt.nopixfmt=true -Dsun.java2d.dpiaware=true -Dsun.java2d.uiScale.enabled=false -Xverify:none -Dswing.aatext=true -XX:-UsePerfData -Djdk.map.althashing.threshold=512 -XX:StringTableSize=4072 --add-opens=java.base/java.nio=ALL-UNNAMED --add-opens=java.desktop/sun.swing=ALL-UNNAMED --add-opens=java.desktop/javax.swing=ALL-UNNAMED --add-opens=java.desktop/javax.swing.tree=ALL-UNNAMED --add-opens=java.desktop/javax.swing.plaf.basic=ALL-UNNAMED --add-opens=java.desktop/javax.swing.plaf.synth=ALL-UNNAMED --add-opens=java.desktop/com.sun.awt=ALL-UNNAMED -XX:NewSize=60m -XX:MaxNewSize=60m -Xms128m -Xmx3072m -Xss5m 
java_command: <unknown>
java_class_path (initial): G:/Xilinx/Vivado/2018.3\lib\classes\alloy.jar;G:/Xilinx/Vivado/2018.3\lib\classes\autopilot.scelaborator.jar;G:/Xilinx/Vivado/2018.3\lib\classes\autopilot.sourceprocessor.jar;G:/Xilinx/Vivado/2018.3\lib\classes\autopilot.tbprocessor.jar;G:/Xilinx/Vivado/2018.3\lib\classes\batik-anim.jar;G:/Xilinx/Vivado/2018.3\lib\classes\batik-awt-util.jar;G:/Xilinx/Vivado/2018.3\lib\classes\batik-bridge.jar;G:/Xilinx/Vivado/2018.3\lib\classes\batik-codec.jar;G:/Xilinx/Vivado/2018.3\lib\classes\batik-css.jar;G:/Xilinx/Vivado/2018.3\lib\classes\batik-dom.jar;G:/Xilinx/Vivado/2018.3\lib\classes\batik-ext.jar;G:/Xilinx/Vivado/2018.3\lib\classes\batik-gui-util.jar;G:/Xilinx/Vivado/2018.3\lib\classes\batik-gvt.jar;G:/Xilinx/Vivado/2018.3\lib\classes\batik-parser.jar;G:/Xilinx/Vivado/2018.3\lib\classes\batik-script.jar;G:/Xilinx/Vivado/2018.3\lib\classes\batik-svg-dom.jar;G:/Xilinx/Vivado/2018.3\lib\classes\batik-swing.jar;G:/Xilinx/Vivado/2018.3\lib\classes\batik-transcoder.jar;G:/Xilinx/Vivado/2018.3\lib\classes\batik-util.jar;G:/Xilinx/Vivado/2018.3\lib\classes\batik-xml.jar;G:/Xilinx/Vivado/2018.3\lib\classes\com.ibm.icu_4.4.2.v20110208.jar;G:/Xilinx/Vivado/2018.3\lib\classes\commons-collections4-4.1.jar;G:/Xilinx/Vivado/2018.3\lib\classes\commons-math-2.2.jar;G:/Xilinx/Vivado/2018.3\lib\classes\dom4j-1.6.1.jar;G:/Xilinx/Vivado/2018.3\lib\classes\guava-18.0.jar;G:/Xilinx/Vivado/2018.3\lib\classes\help.jar;G:/Xilinx/Vivado/2018.3\lib\classes\hsqldb.jar;G:/Xilinx/Vivado/2018.3\lib\classes\jargs.jar;G:/Xilinx/Vivado/2018.3\lib\classes\jaxb-api-2.3.0.jar;G:/Xilinx/Vivado/2018.3\lib\classes\jh.jar;G:/Xilinx/Vivado/2018.3\lib\classes\jide-action.jar;G:/Xilinx/Vivado/2018.3\lib\classes\jide-charts.jar;G:/Xilinx/Vivado/2018.3\lib\classes\jide-common.jar;G:/Xilinx/Vivado/2018.3\lib\classes\jide-components.jar;G:/Xilinx/Vivado/2018.3\lib\classes\jide-dashboard.jar;G:/Xilinx/Vivado/2018.3\lib\classes\jide-data.jar;G:/Xilinx/Vivado/2018.3\lib\classes\jide-dialogs.jar
Launcher Type: generic

Logging:
Log output configuration:
#0: stdout all=warning uptime,level,tags
#1: stderr all=off uptime,level,tags

Environment Variables:
PATH=G:/Xilinx/Vivado/2018.3/bin;G:/Xilinx/Vivado/2018.3/lib/win64.o;G:/Xilinx/Vivado/2018.3/tps/win64/jre9.0.4/bin/server;G:/Xilinx/Vivado/2018.3/tps/win64/jre9.0.4/bin;G:/Xilinx/SDK/2018.3/bin;G:/Xilinx/Vivado/2018.3/ids_lite/ISE/bin/nt64;G:/Xilinx/Vivado/2018.3/ids_lite/ISE/lib/nt64;C:\Program Files\Microsoft MPI\Bin\;C:\Program Files (x86)\Common Files\Oracle\Java\javapath;C:\Program Files (x86)\iis express\PHP\v7.0;C:\ProgramData\Oracle\Java\javapath;C:\Program Files (x86)\NVIDIA Corporation\PhysX\Common;C:\TwinCAT\Common64;C:\TwinCAT\Common32;C:\Windows\system32;C:\Windows;C:\Windows\System32\Wbem;C:\Windows\System32\WindowsPowerShell\v1.0\;C:\Program Files (x86)\AMD\ATI.ACE\Core-Static;C:\Program Files\Microsoft SQL Server\110\Tools\Binn\;C:\Program Files\PuTTY\;C:\Windows\system32\config\systemprofile\.dnx\bin;C:\Program Files\Microsoft DNX\Dnvm\;C:\Program Files\Microsoft SQL Server\130\Tools\Binn\;C:\Program Files (x86)\GtkSharp\2.12\bin;H:\Program Files\OpenVPN\bin;H:\opencv\build\x64\vc14\bin;H:\MinGW\bin;H:\Program Files\MATLAB\R2018a\bin;G:\Program Files\TortoiseSVN\bin;C:\ProgramData\chocolatey\bin;C:\Program Files\dotnet\;G:\Program Files\TortoiseGit\bin;C:\Program Files\Git\cmd;C:\Program Files\Microsoft Network Monitor 3\;C:\Users\Pierre\AppData\Local\Programs\Python\Python37-32\Scripts\;C:\Users\Pierre\AppData\Local\Programs\Python\Python37-32\;C:\Users\Pierre\AppData\Local\Programs\Python\Python37\Scripts\;C:\Users\Pierre\AppData\Local\Programs\Python\Python37\;G:\Programs\Microsoft VS Code\bin;G:/Xilinx/Vivado/2018.3\tps\mingw\6.2.0\win64.o\nt\bin;G:/Xilinx/Vivado/2018.3\tps\mingw\6.2.0\win64.o\nt\libexec\gcc\x86_64-w64-mingw32\6.2.0
USERNAME=Pierre
OS=Windows_NT
PROCESSOR_IDENTIFIER=Intel64 Family 6 Model 60 Stepping 3, GenuineIntel



---------------  S Y S T E M  ---------------

OS: Windows 7 , 64 bit Build 7601 (6.1.7601.24524)

CPU:total 8 (initial active 8) (4 cores per cpu, 2 threads per core) family 6 model 60 stepping 3, cmov, cx8, fxsr, mmx, sse, sse2, sse3, ssse3, sse4.1, sse4.2, popcnt, avx, avx2, aes, clmul, erms, rtm, lzcnt, ht, tsc, tscinvbit, bmi1, bmi2, fma

Memory: 4k page, physical 8338668k(407920k free), swap 16675436k(4705016k free)

vm_info: Java HotSpot(TM) 64-Bit Server VM (9.0.4+11) for windows-amd64 JRE (9.0.4+11), built on Dec 20 2017 02:18:54 by "mach5one" with MS VC++ 12.0 (VS2013)

END.
